2024-07-24 16:46:12,664:INFO:Running c:\Users\mrosk\OneDrive\Desktop\webscrape_api_project\scripts\scripts\scrape_finance.py...
2024-07-24 16:46:12,730:INFO:Completed c:\Users\mrosk\OneDrive\Desktop\webscrape_api_project\scripts\scripts\scrape_finance.py
2024-07-24 16:46:12,730:INFO:Running c:\Users\mrosk\OneDrive\Desktop\webscrape_api_project\scripts\scripts\scrape_google_trends.py...
2024-07-24 16:46:12,798:INFO:Completed c:\Users\mrosk\OneDrive\Desktop\webscrape_api_project\scripts\scripts\scrape_google_trends.py
2024-07-24 16:46:12,798:INFO:Running c:\Users\mrosk\OneDrive\Desktop\webscrape_api_project\scripts\scripts\scrape_ign_rating.py...
2024-07-24 16:46:12,865:INFO:Completed c:\Users\mrosk\OneDrive\Desktop\webscrape_api_project\scripts\scripts\scrape_ign_rating.py
2024-07-24 16:46:12,866:INFO:Running c:\Users\mrosk\OneDrive\Desktop\webscrape_api_project\scripts\scripts\scrape_player_count.py...
2024-07-24 16:46:12,921:INFO:Completed c:\Users\mrosk\OneDrive\Desktop\webscrape_api_project\scripts\scripts\scrape_player_count.py
2024-07-24 16:46:12,921:INFO:Running c:\Users\mrosk\OneDrive\Desktop\webscrape_api_project\scripts\scripts\scrape_reddit.py...
2024-07-24 16:46:12,988:INFO:Completed c:\Users\mrosk\OneDrive\Desktop\webscrape_api_project\scripts\scripts\scrape_reddit.py
2024-07-24 16:47:10,655:INFO:Running c:\Users\mrosk\OneDrive\Desktop\webscrape_api_project\scripts\scripts\scrape_finance.py...
2024-07-24 16:47:10,722:INFO:Completed c:\Users\mrosk\OneDrive\Desktop\webscrape_api_project\scripts\scripts\scrape_finance.py
2024-07-24 16:47:10,722:INFO:Running c:\Users\mrosk\OneDrive\Desktop\webscrape_api_project\scripts\scripts\scrape_google_trends.py...
2024-07-24 16:47:10,786:INFO:Completed c:\Users\mrosk\OneDrive\Desktop\webscrape_api_project\scripts\scripts\scrape_google_trends.py
2024-07-24 16:47:10,786:INFO:Running c:\Users\mrosk\OneDrive\Desktop\webscrape_api_project\scripts\scripts\scrape_ign_rating.py...
2024-07-24 16:47:10,855:INFO:Completed c:\Users\mrosk\OneDrive\Desktop\webscrape_api_project\scripts\scripts\scrape_ign_rating.py
2024-07-24 16:47:10,855:INFO:Running c:\Users\mrosk\OneDrive\Desktop\webscrape_api_project\scripts\scripts\scrape_player_count.py...
2024-07-24 16:47:10,919:INFO:Completed c:\Users\mrosk\OneDrive\Desktop\webscrape_api_project\scripts\scripts\scrape_player_count.py
2024-07-24 16:47:10,919:INFO:Running c:\Users\mrosk\OneDrive\Desktop\webscrape_api_project\scripts\scripts\scrape_reddit.py...
2024-07-24 16:47:10,980:INFO:Completed c:\Users\mrosk\OneDrive\Desktop\webscrape_api_project\scripts\scripts\scrape_reddit.py
2024-07-24 16:55:30,980:INFO:Running c:\Users\mrosk\OneDrive\Desktop\webscrape_api_project\scripts\scrape_finance.py...
2024-07-24 16:55:37,336:INFO:Completed c:\Users\mrosk\OneDrive\Desktop\webscrape_api_project\scripts\scrape_finance.py
2024-07-24 16:55:37,336:INFO:Running c:\Users\mrosk\OneDrive\Desktop\webscrape_api_project\scripts\scrape_google_trends.py...
2024-07-24 16:57:08,109:INFO:Completed c:\Users\mrosk\OneDrive\Desktop\webscrape_api_project\scripts\scrape_google_trends.py
2024-07-24 16:57:08,109:INFO:Running c:\Users\mrosk\OneDrive\Desktop\webscrape_api_project\scripts\scrape_ign_rating.py...
2024-07-24 16:57:10,973:INFO:Completed c:\Users\mrosk\OneDrive\Desktop\webscrape_api_project\scripts\scrape_ign_rating.py
2024-07-24 16:57:10,973:INFO:Running c:\Users\mrosk\OneDrive\Desktop\webscrape_api_project\scripts\scrape_player_count.py...
2024-07-24 16:57:14,887:INFO:Completed c:\Users\mrosk\OneDrive\Desktop\webscrape_api_project\scripts\scrape_player_count.py
2024-07-24 16:57:14,887:INFO:Running c:\Users\mrosk\OneDrive\Desktop\webscrape_api_project\scripts\scrape_reddit.py...
2024-07-24 16:58:14,317:INFO:Completed c:\Users\mrosk\OneDrive\Desktop\webscrape_api_project\scripts\scrape_reddit.py
2024-07-24 17:00:49,757:INFO:Running c:\Users\mrosk\OneDrive\Desktop\webscrape_api_project\scripts\scrape_finance.py...
2024-07-24 17:00:53,152:INFO:Completed c:\Users\mrosk\OneDrive\Desktop\webscrape_api_project\scripts\scrape_finance.py
2024-07-24 17:00:53,152:INFO:Running c:\Users\mrosk\OneDrive\Desktop\webscrape_api_project\scripts\scrape_google_trends.py...
2024-07-24 17:02:23,092:INFO:Completed c:\Users\mrosk\OneDrive\Desktop\webscrape_api_project\scripts\scrape_google_trends.py
2024-07-24 17:02:23,092:INFO:Running c:\Users\mrosk\OneDrive\Desktop\webscrape_api_project\scripts\scrape_ign_rating.py...
2024-07-24 17:02:25,951:INFO:Completed c:\Users\mrosk\OneDrive\Desktop\webscrape_api_project\scripts\scrape_ign_rating.py
2024-07-24 17:02:25,951:INFO:Running c:\Users\mrosk\OneDrive\Desktop\webscrape_api_project\scripts\scrape_player_count.py...
2024-07-24 17:02:30,469:INFO:Completed c:\Users\mrosk\OneDrive\Desktop\webscrape_api_project\scripts\scrape_player_count.py
2024-07-24 17:02:30,469:INFO:Running c:\Users\mrosk\OneDrive\Desktop\webscrape_api_project\scripts\scrape_reddit.py...
2024-07-24 17:03:29,047:INFO:Completed c:\Users\mrosk\OneDrive\Desktop\webscrape_api_project\scripts\scrape_reddit.py
2024-07-24 17:03:29,047:INFO:Running c:\Users\mrosk\OneDrive\Desktop\webscrape_api_project\scripts\scrape_tracker.py...
2024-07-24 17:03:32,603:INFO:Completed c:\Users\mrosk\OneDrive\Desktop\webscrape_api_project\scripts\scrape_tracker.py
2024-07-25 13:16:37,439:INFO:Running c:\Users\mrosk\OneDrive\Desktop\webscrape_api_project\scripts\scrape_finance.py...
2024-07-25 13:16:43,265:INFO:Completed c:\Users\mrosk\OneDrive\Desktop\webscrape_api_project\scripts\scrape_finance.py
2024-07-25 13:16:43,265:INFO:Running c:\Users\mrosk\OneDrive\Desktop\webscrape_api_project\scripts\scrape_google_trends.py...
2024-07-25 13:19:03,437:INFO:Completed c:\Users\mrosk\OneDrive\Desktop\webscrape_api_project\scripts\scrape_google_trends.py
2024-07-25 13:19:03,438:INFO:Running c:\Users\mrosk\OneDrive\Desktop\webscrape_api_project\scripts\scrape_ign_rating.py...
2024-07-25 13:19:06,068:INFO:Completed c:\Users\mrosk\OneDrive\Desktop\webscrape_api_project\scripts\scrape_ign_rating.py
2024-07-25 13:19:06,068:INFO:Running c:\Users\mrosk\OneDrive\Desktop\webscrape_api_project\scripts\scrape_player_count.py...
2024-07-25 13:19:08,255:INFO:Completed c:\Users\mrosk\OneDrive\Desktop\webscrape_api_project\scripts\scrape_player_count.py
2024-07-25 13:19:08,255:INFO:Running c:\Users\mrosk\OneDrive\Desktop\webscrape_api_project\scripts\scrape_reddit.py...
2024-07-25 13:20:05,572:INFO:Completed c:\Users\mrosk\OneDrive\Desktop\webscrape_api_project\scripts\scrape_reddit.py
2024-07-25 13:20:05,572:INFO:Running c:\Users\mrosk\OneDrive\Desktop\webscrape_api_project\scripts\scrape_tracker.py...
2024-07-25 13:20:09,114:INFO:Completed c:\Users\mrosk\OneDrive\Desktop\webscrape_api_project\scripts\scrape_tracker.py
2024-07-25 13:20:09,114:INFO:Running c:\Users\mrosk\OneDrive\Desktop\webscrape_api_project\scripts\preprocess_finance.py...
2024-07-25 13:20:10,094:INFO:Completed c:\Users\mrosk\OneDrive\Desktop\webscrape_api_project\scripts\preprocess_finance.py
2024-07-25 13:20:10,094:INFO:Running c:\Users\mrosk\OneDrive\Desktop\webscrape_api_project\scripts\preprocess_ign_ratings.py...
2024-07-25 13:20:11,039:INFO:Completed c:\Users\mrosk\OneDrive\Desktop\webscrape_api_project\scripts\preprocess_ign_ratings.py
2024-07-25 13:20:11,039:INFO:Running c:\Users\mrosk\OneDrive\Desktop\webscrape_api_project\scripts\preprocess_leaderboard.py...
2024-07-25 13:20:12,097:INFO:Completed c:\Users\mrosk\OneDrive\Desktop\webscrape_api_project\scripts\preprocess_leaderboard.py
2024-07-25 13:20:12,097:INFO:Running c:\Users\mrosk\OneDrive\Desktop\webscrape_api_project\scripts\preprocess_player_count.py...
2024-07-25 13:20:13,101:INFO:Completed c:\Users\mrosk\OneDrive\Desktop\webscrape_api_project\scripts\preprocess_player_count.py
2024-07-25 13:20:13,102:INFO:Running c:\Users\mrosk\OneDrive\Desktop\webscrape_api_project\scripts\preprocess_reddit_comments.py...
2024-07-25 13:20:14,162:INFO:Completed c:\Users\mrosk\OneDrive\Desktop\webscrape_api_project\scripts\preprocess_reddit_comments.py
2024-07-25 13:20:14,162:INFO:Running c:\Users\mrosk\OneDrive\Desktop\webscrape_api_project\scripts\preprocess_reddit_posts.py...
2024-07-25 13:20:15,217:INFO:Completed c:\Users\mrosk\OneDrive\Desktop\webscrape_api_project\scripts\preprocess_reddit_posts.py
2024-07-25 13:20:15,218:INFO:Running c:\Users\mrosk\OneDrive\Desktop\webscrape_api_project\scripts\preprocess_web_search.py...
2024-07-25 13:20:16,287:INFO:Completed c:\Users\mrosk\OneDrive\Desktop\webscrape_api_project\scripts\preprocess_web_search.py
2024-07-25 13:20:16,287:INFO:Running c:\Users\mrosk\OneDrive\Desktop\webscrape_api_project\scripts\preprocess_youtube_search.py...
2024-07-25 13:20:17,360:INFO:Completed c:\Users\mrosk\OneDrive\Desktop\webscrape_api_project\scripts\preprocess_youtube_search.py
2024-07-26 11:33:14,113:INFO:Running c:\Users\mrosk\OneDrive\Desktop\webscrape_api_project\scripts\scripts\scrape_finance.py...
2024-07-26 11:33:14,192:INFO:Completed c:\Users\mrosk\OneDrive\Desktop\webscrape_api_project\scripts\scripts\scrape_finance.py
2024-07-26 11:33:14,192:INFO:Running c:\Users\mrosk\OneDrive\Desktop\webscrape_api_project\scripts\scripts\scrape_google_trends.py...
2024-07-26 11:33:14,262:INFO:Completed c:\Users\mrosk\OneDrive\Desktop\webscrape_api_project\scripts\scripts\scrape_google_trends.py
2024-07-26 11:33:14,262:INFO:Running c:\Users\mrosk\OneDrive\Desktop\webscrape_api_project\scripts\scripts\scrape_ign_rating.py...
2024-07-26 11:33:14,329:INFO:Completed c:\Users\mrosk\OneDrive\Desktop\webscrape_api_project\scripts\scripts\scrape_ign_rating.py
2024-07-26 11:33:14,329:INFO:Running c:\Users\mrosk\OneDrive\Desktop\webscrape_api_project\scripts\scripts\scrape_player_count.py...
2024-07-26 11:33:14,394:INFO:Completed c:\Users\mrosk\OneDrive\Desktop\webscrape_api_project\scripts\scripts\scrape_player_count.py
2024-07-26 11:33:14,394:INFO:Running c:\Users\mrosk\OneDrive\Desktop\webscrape_api_project\scripts\scripts\scrape_reddit.py...
2024-07-26 11:33:14,457:INFO:Completed c:\Users\mrosk\OneDrive\Desktop\webscrape_api_project\scripts\scripts\scrape_reddit.py
2024-07-26 11:33:14,457:INFO:Running c:\Users\mrosk\OneDrive\Desktop\webscrape_api_project\scripts\scripts\scrape_tracker.py...
2024-07-26 11:33:14,519:INFO:Completed c:\Users\mrosk\OneDrive\Desktop\webscrape_api_project\scripts\scripts\scrape_tracker.py
2024-07-26 11:33:14,520:INFO:Running c:\Users\mrosk\OneDrive\Desktop\webscrape_api_project\scripts\scripts\preprocess_finance.py...
2024-07-26 11:33:14,583:INFO:Completed c:\Users\mrosk\OneDrive\Desktop\webscrape_api_project\scripts\scripts\preprocess_finance.py
2024-07-26 11:33:14,583:INFO:Running c:\Users\mrosk\OneDrive\Desktop\webscrape_api_project\scripts\scripts\preprocess_ign_ratings.py...
2024-07-26 11:33:14,646:INFO:Completed c:\Users\mrosk\OneDrive\Desktop\webscrape_api_project\scripts\scripts\preprocess_ign_ratings.py
2024-07-26 11:33:14,646:INFO:Running c:\Users\mrosk\OneDrive\Desktop\webscrape_api_project\scripts\scripts\preprocess_leaderboard.py...
2024-07-26 11:33:14,710:INFO:Completed c:\Users\mrosk\OneDrive\Desktop\webscrape_api_project\scripts\scripts\preprocess_leaderboard.py
2024-07-26 11:33:14,710:INFO:Running c:\Users\mrosk\OneDrive\Desktop\webscrape_api_project\scripts\scripts\preprocess_player_count.py...
2024-07-26 11:33:14,775:INFO:Completed c:\Users\mrosk\OneDrive\Desktop\webscrape_api_project\scripts\scripts\preprocess_player_count.py
2024-07-26 11:33:14,775:INFO:Running c:\Users\mrosk\OneDrive\Desktop\webscrape_api_project\scripts\scripts\preprocess_reddit_comments.py...
2024-07-26 11:33:14,838:INFO:Completed c:\Users\mrosk\OneDrive\Desktop\webscrape_api_project\scripts\scripts\preprocess_reddit_comments.py
2024-07-26 11:33:14,838:INFO:Running c:\Users\mrosk\OneDrive\Desktop\webscrape_api_project\scripts\scripts\preprocess_reddit_posts.py...
2024-07-26 11:33:14,901:INFO:Completed c:\Users\mrosk\OneDrive\Desktop\webscrape_api_project\scripts\scripts\preprocess_reddit_posts.py
2024-07-26 11:33:14,901:INFO:Running c:\Users\mrosk\OneDrive\Desktop\webscrape_api_project\scripts\scripts\preprocess_web_search.py...
2024-07-26 11:33:14,964:INFO:Completed c:\Users\mrosk\OneDrive\Desktop\webscrape_api_project\scripts\scripts\preprocess_web_search.py
2024-07-26 11:33:14,964:INFO:Running c:\Users\mrosk\OneDrive\Desktop\webscrape_api_project\scripts\scripts\preprocess_youtube_search.py...
2024-07-26 11:33:15,028:INFO:Completed c:\Users\mrosk\OneDrive\Desktop\webscrape_api_project\scripts\scripts\preprocess_youtube_search.py
2024-07-26 11:33:15,028:INFO:Running c:\Users\mrosk\OneDrive\Desktop\webscrape_api_project\scripts\visualizations\visualize_data.py...
2024-07-26 11:33:15,090:INFO:Completed c:\Users\mrosk\OneDrive\Desktop\webscrape_api_project\scripts\visualizations\visualize_data.py
2024-07-26 11:33:21,566:INFO:Running c:\Users\mrosk\OneDrive\Desktop\webscrape_api_project\scripts\scripts\scrape_finance.py...
2024-07-26 11:33:21,637:INFO:Completed c:\Users\mrosk\OneDrive\Desktop\webscrape_api_project\scripts\scripts\scrape_finance.py
2024-07-26 11:33:21,637:INFO:Running c:\Users\mrosk\OneDrive\Desktop\webscrape_api_project\scripts\scripts\scrape_google_trends.py...
2024-07-26 11:33:21,707:INFO:Completed c:\Users\mrosk\OneDrive\Desktop\webscrape_api_project\scripts\scripts\scrape_google_trends.py
2024-07-26 11:33:21,707:INFO:Running c:\Users\mrosk\OneDrive\Desktop\webscrape_api_project\scripts\scripts\scrape_ign_rating.py...
2024-07-26 11:33:21,771:INFO:Completed c:\Users\mrosk\OneDrive\Desktop\webscrape_api_project\scripts\scripts\scrape_ign_rating.py
2024-07-26 11:33:21,771:INFO:Running c:\Users\mrosk\OneDrive\Desktop\webscrape_api_project\scripts\scripts\scrape_player_count.py...
2024-07-26 11:33:21,836:INFO:Completed c:\Users\mrosk\OneDrive\Desktop\webscrape_api_project\scripts\scripts\scrape_player_count.py
2024-07-26 11:33:21,836:INFO:Running c:\Users\mrosk\OneDrive\Desktop\webscrape_api_project\scripts\scripts\scrape_reddit.py...
2024-07-26 11:33:21,899:INFO:Completed c:\Users\mrosk\OneDrive\Desktop\webscrape_api_project\scripts\scripts\scrape_reddit.py
2024-07-26 11:33:21,899:INFO:Running c:\Users\mrosk\OneDrive\Desktop\webscrape_api_project\scripts\scripts\scrape_tracker.py...
2024-07-26 11:33:21,964:INFO:Completed c:\Users\mrosk\OneDrive\Desktop\webscrape_api_project\scripts\scripts\scrape_tracker.py
2024-07-26 11:33:21,964:INFO:Running c:\Users\mrosk\OneDrive\Desktop\webscrape_api_project\scripts\scripts\preprocess_finance.py...
2024-07-26 11:33:22,033:INFO:Completed c:\Users\mrosk\OneDrive\Desktop\webscrape_api_project\scripts\scripts\preprocess_finance.py
2024-07-26 11:33:22,033:INFO:Running c:\Users\mrosk\OneDrive\Desktop\webscrape_api_project\scripts\scripts\preprocess_ign_ratings.py...
2024-07-26 11:33:22,107:INFO:Completed c:\Users\mrosk\OneDrive\Desktop\webscrape_api_project\scripts\scripts\preprocess_ign_ratings.py
2024-07-26 11:33:22,107:INFO:Running c:\Users\mrosk\OneDrive\Desktop\webscrape_api_project\scripts\scripts\preprocess_leaderboard.py...
2024-07-26 11:33:22,171:INFO:Completed c:\Users\mrosk\OneDrive\Desktop\webscrape_api_project\scripts\scripts\preprocess_leaderboard.py
2024-07-26 11:33:22,171:INFO:Running c:\Users\mrosk\OneDrive\Desktop\webscrape_api_project\scripts\scripts\preprocess_player_count.py...
2024-07-26 11:33:22,235:INFO:Completed c:\Users\mrosk\OneDrive\Desktop\webscrape_api_project\scripts\scripts\preprocess_player_count.py
2024-07-26 11:33:22,235:INFO:Running c:\Users\mrosk\OneDrive\Desktop\webscrape_api_project\scripts\scripts\preprocess_reddit_comments.py...
2024-07-26 11:33:22,300:INFO:Completed c:\Users\mrosk\OneDrive\Desktop\webscrape_api_project\scripts\scripts\preprocess_reddit_comments.py
2024-07-26 11:33:22,300:INFO:Running c:\Users\mrosk\OneDrive\Desktop\webscrape_api_project\scripts\scripts\preprocess_reddit_posts.py...
2024-07-26 11:33:22,364:INFO:Completed c:\Users\mrosk\OneDrive\Desktop\webscrape_api_project\scripts\scripts\preprocess_reddit_posts.py
2024-07-26 11:33:22,364:INFO:Running c:\Users\mrosk\OneDrive\Desktop\webscrape_api_project\scripts\scripts\preprocess_web_search.py...
2024-07-26 11:33:22,428:INFO:Completed c:\Users\mrosk\OneDrive\Desktop\webscrape_api_project\scripts\scripts\preprocess_web_search.py
2024-07-26 11:33:22,429:INFO:Running c:\Users\mrosk\OneDrive\Desktop\webscrape_api_project\scripts\scripts\preprocess_youtube_search.py...
2024-07-26 11:33:22,493:INFO:Completed c:\Users\mrosk\OneDrive\Desktop\webscrape_api_project\scripts\scripts\preprocess_youtube_search.py
2024-07-26 11:33:22,493:INFO:Running c:\Users\mrosk\OneDrive\Desktop\webscrape_api_project\scripts\visualizations\visualize_data.py...
2024-07-26 11:33:22,557:INFO:Completed c:\Users\mrosk\OneDrive\Desktop\webscrape_api_project\scripts\visualizations\visualize_data.py
2024-07-26 11:35:03,894:INFO:Running c:\Users\mrosk\OneDrive\Desktop\webscrape_api_project\scripts\scrape_finance.py...
2024-07-26 11:35:10,129:INFO:Completed c:\Users\mrosk\OneDrive\Desktop\webscrape_api_project\scripts\scrape_finance.py
2024-07-26 11:35:10,130:INFO:Running c:\Users\mrosk\OneDrive\Desktop\webscrape_api_project\scripts\scrape_google_trends.py...
2024-07-26 11:38:10,072:INFO:Completed c:\Users\mrosk\OneDrive\Desktop\webscrape_api_project\scripts\scrape_google_trends.py
2024-07-26 11:38:10,072:INFO:Running c:\Users\mrosk\OneDrive\Desktop\webscrape_api_project\scripts\scrape_ign_rating.py...
2024-07-26 11:38:12,936:INFO:Completed c:\Users\mrosk\OneDrive\Desktop\webscrape_api_project\scripts\scrape_ign_rating.py
2024-07-26 11:38:12,936:INFO:Running c:\Users\mrosk\OneDrive\Desktop\webscrape_api_project\scripts\scrape_player_count.py...
2024-07-26 11:38:15,389:INFO:Completed c:\Users\mrosk\OneDrive\Desktop\webscrape_api_project\scripts\scrape_player_count.py
2024-07-26 11:38:15,389:INFO:Running c:\Users\mrosk\OneDrive\Desktop\webscrape_api_project\scripts\scrape_reddit.py...
2024-07-26 11:39:17,951:INFO:Completed c:\Users\mrosk\OneDrive\Desktop\webscrape_api_project\scripts\scrape_reddit.py
2024-07-26 11:39:17,951:INFO:Running c:\Users\mrosk\OneDrive\Desktop\webscrape_api_project\scripts\scrape_tracker.py...
2024-07-26 11:39:19,098:INFO:Completed c:\Users\mrosk\OneDrive\Desktop\webscrape_api_project\scripts\scrape_tracker.py
2024-07-26 11:39:19,098:INFO:Running c:\Users\mrosk\OneDrive\Desktop\webscrape_api_project\scripts\preprocess_finance.py...
2024-07-26 11:39:20,080:INFO:Completed c:\Users\mrosk\OneDrive\Desktop\webscrape_api_project\scripts\preprocess_finance.py
2024-07-26 11:39:20,081:INFO:Running c:\Users\mrosk\OneDrive\Desktop\webscrape_api_project\scripts\preprocess_ign_ratings.py...
2024-07-26 11:39:21,044:INFO:Completed c:\Users\mrosk\OneDrive\Desktop\webscrape_api_project\scripts\preprocess_ign_ratings.py
2024-07-26 11:39:21,044:INFO:Running c:\Users\mrosk\OneDrive\Desktop\webscrape_api_project\scripts\preprocess_leaderboard.py...
2024-07-26 11:39:22,144:INFO:Completed c:\Users\mrosk\OneDrive\Desktop\webscrape_api_project\scripts\preprocess_leaderboard.py
2024-07-26 11:39:22,144:INFO:Running c:\Users\mrosk\OneDrive\Desktop\webscrape_api_project\scripts\preprocess_player_count.py...
2024-07-26 11:39:23,176:INFO:Completed c:\Users\mrosk\OneDrive\Desktop\webscrape_api_project\scripts\preprocess_player_count.py
2024-07-26 11:39:23,176:INFO:Running c:\Users\mrosk\OneDrive\Desktop\webscrape_api_project\scripts\preprocess_reddit_comments.py...
2024-07-26 11:39:24,175:INFO:Completed c:\Users\mrosk\OneDrive\Desktop\webscrape_api_project\scripts\preprocess_reddit_comments.py
2024-07-26 11:39:24,175:INFO:Running c:\Users\mrosk\OneDrive\Desktop\webscrape_api_project\scripts\preprocess_reddit_posts.py...
2024-07-26 11:39:25,282:INFO:Completed c:\Users\mrosk\OneDrive\Desktop\webscrape_api_project\scripts\preprocess_reddit_posts.py
2024-07-26 11:39:25,282:INFO:Running c:\Users\mrosk\OneDrive\Desktop\webscrape_api_project\scripts\preprocess_web_search.py...
2024-07-26 11:39:26,330:INFO:Completed c:\Users\mrosk\OneDrive\Desktop\webscrape_api_project\scripts\preprocess_web_search.py
2024-07-26 11:39:26,330:INFO:Running c:\Users\mrosk\OneDrive\Desktop\webscrape_api_project\scripts\preprocess_youtube_search.py...
2024-07-26 11:39:27,399:INFO:Completed c:\Users\mrosk\OneDrive\Desktop\webscrape_api_project\scripts\preprocess_youtube_search.py
2024-07-26 11:39:27,399:INFO:Running c:\Users\mrosk\OneDrive\Desktop\webscrape_api_project\scripts\..\visualizations\visualize_data.py...
2024-07-26 11:40:11,553:INFO:Running c:\Users\mrosk\OneDrive\Desktop\webscrape_api_project\scripts\scrape_finance.py...
2024-07-26 11:40:14,992:INFO:Completed c:\Users\mrosk\OneDrive\Desktop\webscrape_api_project\scripts\scrape_finance.py
2024-07-26 11:40:14,992:INFO:Running c:\Users\mrosk\OneDrive\Desktop\webscrape_api_project\scripts\scrape_google_trends.py...
2024-07-26 11:42:16,721:INFO:Completed c:\Users\mrosk\OneDrive\Desktop\webscrape_api_project\scripts\scrape_google_trends.py
2024-07-26 11:42:16,721:INFO:Running c:\Users\mrosk\OneDrive\Desktop\webscrape_api_project\scripts\scrape_ign_rating.py...
2024-07-26 11:42:19,519:INFO:Completed c:\Users\mrosk\OneDrive\Desktop\webscrape_api_project\scripts\scrape_ign_rating.py
2024-07-26 11:42:19,519:INFO:Running c:\Users\mrosk\OneDrive\Desktop\webscrape_api_project\scripts\scrape_player_count.py...
2024-07-26 11:42:30,943:INFO:Completed c:\Users\mrosk\OneDrive\Desktop\webscrape_api_project\scripts\scrape_player_count.py
2024-07-26 11:42:30,943:INFO:Running c:\Users\mrosk\OneDrive\Desktop\webscrape_api_project\scripts\scrape_reddit.py...
2024-07-26 11:43:30,127:INFO:Completed c:\Users\mrosk\OneDrive\Desktop\webscrape_api_project\scripts\scrape_reddit.py
2024-07-26 11:43:30,127:INFO:Running c:\Users\mrosk\OneDrive\Desktop\webscrape_api_project\scripts\scrape_tracker.py...
2024-07-26 11:43:33,841:INFO:Completed c:\Users\mrosk\OneDrive\Desktop\webscrape_api_project\scripts\scrape_tracker.py
2024-07-26 11:43:33,841:INFO:Running c:\Users\mrosk\OneDrive\Desktop\webscrape_api_project\scripts\preprocess_finance.py...
2024-07-26 11:43:34,805:INFO:Completed c:\Users\mrosk\OneDrive\Desktop\webscrape_api_project\scripts\preprocess_finance.py
2024-07-26 11:43:34,806:INFO:Running c:\Users\mrosk\OneDrive\Desktop\webscrape_api_project\scripts\preprocess_ign_ratings.py...
2024-07-26 11:43:35,764:INFO:Completed c:\Users\mrosk\OneDrive\Desktop\webscrape_api_project\scripts\preprocess_ign_ratings.py
2024-07-26 11:43:35,764:INFO:Running c:\Users\mrosk\OneDrive\Desktop\webscrape_api_project\scripts\preprocess_leaderboard.py...
2024-07-26 11:43:36,813:INFO:Completed c:\Users\mrosk\OneDrive\Desktop\webscrape_api_project\scripts\preprocess_leaderboard.py
2024-07-26 11:43:36,813:INFO:Running c:\Users\mrosk\OneDrive\Desktop\webscrape_api_project\scripts\preprocess_player_count.py...
2024-07-26 11:43:37,776:INFO:Completed c:\Users\mrosk\OneDrive\Desktop\webscrape_api_project\scripts\preprocess_player_count.py
2024-07-26 11:43:37,776:INFO:Running c:\Users\mrosk\OneDrive\Desktop\webscrape_api_project\scripts\preprocess_reddit_comments.py...
2024-07-26 11:43:38,747:INFO:Completed c:\Users\mrosk\OneDrive\Desktop\webscrape_api_project\scripts\preprocess_reddit_comments.py
2024-07-26 11:43:38,747:INFO:Running c:\Users\mrosk\OneDrive\Desktop\webscrape_api_project\scripts\preprocess_reddit_posts.py...
2024-07-26 11:43:39,714:INFO:Completed c:\Users\mrosk\OneDrive\Desktop\webscrape_api_project\scripts\preprocess_reddit_posts.py
2024-07-26 11:43:39,714:INFO:Running c:\Users\mrosk\OneDrive\Desktop\webscrape_api_project\scripts\preprocess_web_search.py...
2024-07-26 11:43:40,665:INFO:Completed c:\Users\mrosk\OneDrive\Desktop\webscrape_api_project\scripts\preprocess_web_search.py
2024-07-26 11:43:40,665:INFO:Running c:\Users\mrosk\OneDrive\Desktop\webscrape_api_project\scripts\preprocess_youtube_search.py...
2024-07-26 11:43:41,618:INFO:Completed c:\Users\mrosk\OneDrive\Desktop\webscrape_api_project\scripts\preprocess_youtube_search.py
2024-07-26 11:43:41,618:INFO:Running c:\Users\mrosk\OneDrive\Desktop\webscrape_api_project\scripts\..\visualizations\visualize_data.py...
2024-07-26 12:41:16,472:INFO:Completed c:\Users\mrosk\OneDrive\Desktop\webscrape_api_project\scripts\..\visualizations\visualize_data.py
2024-07-26 16:35:39,151:INFO:Running c:\Users\mrosk\OneDrive\Desktop\webscrape_api_project\scripts\scrape_finance.py...
2024-07-26 16:35:45,524:INFO:Completed c:\Users\mrosk\OneDrive\Desktop\webscrape_api_project\scripts\scrape_finance.py
2024-07-26 16:35:45,524:INFO:Running c:\Users\mrosk\OneDrive\Desktop\webscrape_api_project\scripts\scrape_google_trends.py...
2024-07-26 16:37:21,581:INFO:Completed c:\Users\mrosk\OneDrive\Desktop\webscrape_api_project\scripts\scrape_google_trends.py
2024-07-26 16:37:21,581:INFO:Running c:\Users\mrosk\OneDrive\Desktop\webscrape_api_project\scripts\scrape_ign_rating.py...
2024-07-26 16:37:24,423:INFO:Completed c:\Users\mrosk\OneDrive\Desktop\webscrape_api_project\scripts\scrape_ign_rating.py
2024-07-26 16:37:24,423:INFO:Running c:\Users\mrosk\OneDrive\Desktop\webscrape_api_project\scripts\scrape_player_count.py...
2024-07-26 16:37:27,792:INFO:Completed c:\Users\mrosk\OneDrive\Desktop\webscrape_api_project\scripts\scrape_player_count.py
2024-07-26 16:37:27,792:INFO:Running c:\Users\mrosk\OneDrive\Desktop\webscrape_api_project\scripts\scrape_reddit.py...
2024-07-26 16:38:34,521:INFO:Completed c:\Users\mrosk\OneDrive\Desktop\webscrape_api_project\scripts\scrape_reddit.py
2024-07-26 16:38:34,521:INFO:Running c:\Users\mrosk\OneDrive\Desktop\webscrape_api_project\scripts\scrape_tracker.py...
2024-07-26 16:38:38,032:INFO:Completed c:\Users\mrosk\OneDrive\Desktop\webscrape_api_project\scripts\scrape_tracker.py
2024-07-26 16:38:38,032:INFO:Running c:\Users\mrosk\OneDrive\Desktop\webscrape_api_project\scripts\preprocess_finance.py...
2024-07-26 16:38:39,222:INFO:Completed c:\Users\mrosk\OneDrive\Desktop\webscrape_api_project\scripts\preprocess_finance.py
2024-07-26 16:38:39,222:INFO:Running c:\Users\mrosk\OneDrive\Desktop\webscrape_api_project\scripts\preprocess_ign_ratings.py...
2024-07-26 16:38:40,399:INFO:Completed c:\Users\mrosk\OneDrive\Desktop\webscrape_api_project\scripts\preprocess_ign_ratings.py
2024-07-26 16:38:40,399:INFO:Running c:\Users\mrosk\OneDrive\Desktop\webscrape_api_project\scripts\preprocess_leaderboard.py...
2024-07-26 16:38:41,730:INFO:Completed c:\Users\mrosk\OneDrive\Desktop\webscrape_api_project\scripts\preprocess_leaderboard.py
2024-07-26 16:38:41,730:INFO:Running c:\Users\mrosk\OneDrive\Desktop\webscrape_api_project\scripts\preprocess_player_count.py...
2024-07-26 16:38:43,033:INFO:Completed c:\Users\mrosk\OneDrive\Desktop\webscrape_api_project\scripts\preprocess_player_count.py
2024-07-26 16:38:43,033:INFO:Running c:\Users\mrosk\OneDrive\Desktop\webscrape_api_project\scripts\preprocess_reddit_comments.py...
2024-07-26 16:38:44,223:INFO:Completed c:\Users\mrosk\OneDrive\Desktop\webscrape_api_project\scripts\preprocess_reddit_comments.py
2024-07-26 16:38:44,223:INFO:Running c:\Users\mrosk\OneDrive\Desktop\webscrape_api_project\scripts\preprocess_reddit_posts.py...
2024-07-26 16:38:45,316:INFO:Completed c:\Users\mrosk\OneDrive\Desktop\webscrape_api_project\scripts\preprocess_reddit_posts.py
2024-07-26 16:38:45,317:INFO:Running c:\Users\mrosk\OneDrive\Desktop\webscrape_api_project\scripts\preprocess_web_search.py...
2024-07-26 16:38:46,524:INFO:Completed c:\Users\mrosk\OneDrive\Desktop\webscrape_api_project\scripts\preprocess_web_search.py
2024-07-26 16:38:46,524:INFO:Running c:\Users\mrosk\OneDrive\Desktop\webscrape_api_project\scripts\preprocess_youtube_search.py...
2024-07-26 16:38:47,653:INFO:Completed c:\Users\mrosk\OneDrive\Desktop\webscrape_api_project\scripts\preprocess_youtube_search.py
2024-07-26 16:38:47,653:INFO:Running c:\Users\mrosk\OneDrive\Desktop\webscrape_api_project\scripts\..\visualizations\visualize_data.py...
