2024-07-25 12:53:40,293:INFO:Loaded reddit posts data with columns: ['title', 'body', 'score', 'id', 'subreddit', 'url', 'num_comments', 'created', 'author', 'textblob_polarity', 'textblob_subjectivity', 'vader_neg', 'vader_neu', 'vader_pos', 'vader_compound', 'afinn_score']
2024-07-25 12:53:40,295:ERROR:Failed to preprocess reddit posts data: [Errno 0] Unable to synchronously open file (unable to lock file, errno = 0, error message = 'No error', Win32 GetLastError() = 33)
2024-07-25 12:54:07,558:INFO:Loaded reddit posts data with columns: ['title', 'body', 'score', 'id', 'subreddit', 'url', 'num_comments', 'created', 'author', 'textblob_polarity', 'textblob_subjectivity', 'vader_neg', 'vader_neu', 'vader_pos', 'vader_compound', 'afinn_score']
2024-07-25 12:54:07,561:ERROR:Failed to preprocess reddit posts data: No conversion path for dtype: dtype('<U21')
2024-07-25 12:54:20,328:INFO:Loaded reddit posts data with columns: ['title', 'body', 'score', 'id', 'subreddit', 'url', 'num_comments', 'created', 'author', 'textblob_polarity', 'textblob_subjectivity', 'vader_neg', 'vader_neu', 'vader_pos', 'vader_compound', 'afinn_score']
2024-07-25 12:54:20,340:ERROR:Failed to preprocess reddit posts data: No conversion path for dtype: dtype('<U21')
2024-07-25 12:55:44,957:INFO:Loaded reddit posts data with columns: ['title', 'body', 'score', 'id', 'subreddit', 'url', 'num_comments', 'created', 'author', 'textblob_polarity', 'textblob_subjectivity', 'vader_neg', 'vader_neu', 'vader_pos', 'vader_compound', 'afinn_score']
2024-07-25 12:55:44,968:INFO:Saved preprocessed reddit posts data with columns: ['textblob_polarity', 'textblob_subjectivity', 'vader_neg', 'vader_neu', 'vader_pos', 'vader_compound', 'afinn_score']
2024-07-25 12:58:25,666:INFO:Loaded reddit posts data with columns: ['title', 'body', 'score', 'id', 'subreddit', 'url', 'num_comments', 'created', 'author', 'textblob_polarity', 'textblob_subjectivity', 'vader_neg', 'vader_neu', 'vader_pos', 'vader_compound', 'afinn_score']
2024-07-25 12:58:25,672:INFO:Saved preprocessed reddit posts data with columns: ['title', 'textblob_polarity', 'textblob_subjectivity', 'vader_neg', 'vader_neu', 'vader_pos', 'vader_compound', 'afinn_score']
2024-07-25 13:13:23,155:INFO:Loaded reddit posts data with columns: ['title', 'body', 'score', 'id', 'subreddit', 'url', 'num_comments', 'created', 'author', 'textblob_polarity', 'textblob_subjectivity', 'vader_neg', 'vader_neu', 'vader_pos', 'vader_compound', 'afinn_score']
2024-07-25 13:13:23,169:INFO:Saved preprocessed reddit posts data with columns: ['title', 'textblob_polarity', 'textblob_subjectivity', 'vader_neg', 'vader_neu', 'vader_pos', 'vader_compound', 'afinn_score']
2024-07-25 13:20:15,119:INFO:Loaded reddit posts data with columns: ['title', 'body', 'score', 'id', 'subreddit', 'url', 'num_comments', 'created', 'author', 'textblob_polarity', 'textblob_subjectivity', 'vader_neg', 'vader_neu', 'vader_pos', 'vader_compound', 'afinn_score']
2024-07-25 13:20:15,128:INFO:Saved preprocessed reddit posts data with columns: ['title', 'textblob_polarity', 'textblob_subjectivity', 'vader_neg', 'vader_neu', 'vader_pos', 'vader_compound', 'afinn_score']
2024-07-26 11:39:25,199:INFO:Loaded reddit posts data with columns: ['title', 'body', 'score', 'id', 'subreddit', 'url', 'num_comments', 'created', 'author', 'textblob_polarity', 'textblob_subjectivity', 'vader_neg', 'vader_neu', 'vader_pos', 'vader_compound', 'afinn_score']
2024-07-26 11:39:25,201:ERROR:Failed to preprocess reddit posts data: [Errno 0] Unable to synchronously open file (unable to lock file, errno = 0, error message = 'No error', Win32 GetLastError() = 33)
2024-07-26 11:43:39,624:INFO:Loaded reddit posts data with columns: ['title', 'body', 'score', 'id', 'subreddit', 'url', 'num_comments', 'created', 'author', 'textblob_polarity', 'textblob_subjectivity', 'vader_neg', 'vader_neu', 'vader_pos', 'vader_compound', 'afinn_score']
2024-07-26 11:43:39,633:INFO:Saved preprocessed reddit posts data with columns: ['title', 'textblob_polarity', 'textblob_subjectivity', 'vader_neg', 'vader_neu', 'vader_pos', 'vader_compound', 'afinn_score']
2024-07-26 16:38:45,223:INFO:Loaded reddit posts data with columns: ['title', 'body', 'score', 'id', 'subreddit', 'url', 'num_comments', 'created', 'author', 'textblob_polarity', 'textblob_subjectivity', 'vader_neg', 'vader_neu', 'vader_pos', 'vader_compound', 'afinn_score']
2024-07-26 16:38:45,233:INFO:Saved preprocessed reddit posts data with columns: ['title', 'textblob_polarity', 'textblob_subjectivity', 'vader_neg', 'vader_neu', 'vader_pos', 'vader_compound', 'afinn_score']
