2024-07-22 14:43:09,909:ERROR:Error occurred: received 401 HTTP response
2024-07-22 14:44:46,881:INFO:Successfully fetched 100 posts from XDefiant
2024-07-22 14:44:47,235:INFO:Successfully fetched 0 comments from post 1cin51m
2024-07-22 14:44:47,591:INFO:Successfully fetched 1 comments from post 1e5rjw0
2024-07-22 14:44:48,806:INFO:Successfully fetched 99 comments from post 1e94un0
2024-07-22 14:44:49,402:INFO:Successfully fetched 70 comments from post 1e90qnl
2024-07-22 14:44:50,046:INFO:Successfully fetched 63 comments from post 1e91ii9
2024-07-22 14:44:50,421:INFO:Successfully fetched 6 comments from post 1e9aauz
2024-07-22 14:44:51,045:INFO:Successfully fetched 72 comments from post 1e908oy
2024-07-22 14:44:51,435:INFO:Successfully fetched 6 comments from post 1e94gb0
2024-07-22 14:44:51,939:INFO:Successfully fetched 21 comments from post 1e90j1s
2024-07-22 14:44:52,305:INFO:Successfully fetched 2 comments from post 1e9chut
2024-07-22 14:44:52,740:INFO:Successfully fetched 22 comments from post 1e8w4bp
2024-07-22 14:44:54,119:INFO:Successfully fetched 127 comments from post 1e90xad
2024-07-22 14:44:57,036:INFO:Successfully fetched 201 comments from post 1e8m3uw
2024-07-22 14:44:57,493:INFO:Successfully fetched 23 comments from post 1e8tank
2024-07-22 14:44:57,878:INFO:Successfully fetched 4 comments from post 1e9ab4w
2024-07-22 14:44:58,296:INFO:Successfully fetched 8 comments from post 1e98uc8
2024-07-22 14:44:58,679:INFO:Successfully fetched 10 comments from post 1e8nw89
2024-07-22 14:44:59,370:INFO:Successfully fetched 72 comments from post 1e8z1fu
2024-07-22 14:44:59,756:INFO:Successfully fetched 3 comments from post 1e95yy5
2024-07-22 14:45:00,152:INFO:Successfully fetched 3 comments from post 1e96ok7
2024-07-22 14:45:00,557:INFO:Successfully fetched 13 comments from post 1e8x1sk
2024-07-22 14:45:00,918:INFO:Successfully fetched 2 comments from post 1e98e66
2024-07-22 14:45:01,691:INFO:Successfully fetched 34 comments from post 1e8tsv0
2024-07-22 14:45:02,052:INFO:Successfully fetched 2 comments from post 1e987w0
2024-07-22 14:45:02,409:INFO:Successfully fetched 1 comments from post 1e99f3y
2024-07-22 14:45:02,824:INFO:Successfully fetched 18 comments from post 1e90uxy
2024-07-22 14:45:03,172:INFO:Successfully fetched 1 comments from post 1e9chm4
2024-07-22 14:45:03,585:INFO:Successfully fetched 14 comments from post 1e8k1kp
2024-07-22 14:45:03,947:INFO:Successfully fetched 2 comments from post 1e93gkn
2024-07-22 14:45:04,295:INFO:Successfully fetched 1 comments from post 1e9bebb
2024-07-22 14:45:05,719:INFO:Successfully fetched 136 comments from post 1e8ghtc
2024-07-22 14:45:06,104:INFO:Successfully fetched 8 comments from post 1e9ahuo
2024-07-22 14:45:07,153:INFO:Successfully fetched 118 comments from post 1e8j37h
2024-07-22 14:45:07,509:INFO:Successfully fetched 1 comments from post 1e9aaw1
2024-07-22 14:45:07,865:INFO:Successfully fetched 2 comments from post 1e96yb6
2024-07-22 14:45:08,212:INFO:Successfully fetched 2 comments from post 1e99lbu
2024-07-22 14:45:08,661:INFO:Successfully fetched 14 comments from post 1e8ts7w
2024-07-22 14:45:09,043:INFO:Successfully fetched 2 comments from post 1e8wknn
2024-07-22 14:45:09,433:INFO:Successfully fetched 7 comments from post 1e8uj7n
2024-07-22 14:45:09,795:INFO:Successfully fetched 2 comments from post 1e94tws
2024-07-22 14:45:10,165:INFO:Successfully fetched 4 comments from post 1e90bqf
2024-07-22 14:45:10,533:INFO:Successfully fetched 3 comments from post 1e97xt4
2024-07-22 14:45:10,891:INFO:Successfully fetched 1 comments from post 1e97tu5
2024-07-22 14:45:11,291:INFO:Successfully fetched 11 comments from post 1e9191p
2024-07-22 14:45:11,725:INFO:Successfully fetched 10 comments from post 1e8r2x3
2024-07-22 14:45:12,132:INFO:Successfully fetched 4 comments from post 1e8pf6x
2024-07-22 14:45:12,529:INFO:Successfully fetched 9 comments from post 1e8uh72
2024-07-22 14:45:12,920:INFO:Successfully fetched 1 comments from post 1e90hx6
2024-07-22 14:45:15,828:INFO:Successfully fetched 368 comments from post 1e87uwr
2024-07-22 14:45:16,212:INFO:Successfully fetched 6 comments from post 1e901vl
2024-07-22 14:45:16,587:INFO:Successfully fetched 3 comments from post 1e8oieo
2024-07-22 14:45:16,969:INFO:Successfully fetched 5 comments from post 1e95u23
2024-07-22 14:45:17,339:INFO:Successfully fetched 2 comments from post 1e95ij2
2024-07-22 14:45:17,731:INFO:Successfully fetched 8 comments from post 1e8z7p4
2024-07-22 14:45:18,114:INFO:Successfully fetched 2 comments from post 1e8z34j
2024-07-22 14:45:18,563:INFO:Successfully fetched 17 comments from post 1e93gne
2024-07-22 14:45:18,912:INFO:Successfully fetched 1 comments from post 1e93dqs
2024-07-22 14:45:19,316:INFO:Successfully fetched 4 comments from post 1e8yjg7
2024-07-22 14:45:19,673:INFO:Successfully fetched 3 comments from post 1e92t38
2024-07-22 14:45:20,067:INFO:Successfully fetched 14 comments from post 1e8px1s
2024-07-22 14:45:20,412:INFO:Successfully fetched 1 comments from post 1e920oh
2024-07-22 14:45:20,867:INFO:Successfully fetched 22 comments from post 1e87g8l
2024-07-22 14:45:21,237:INFO:Successfully fetched 4 comments from post 1e8lz5h
2024-07-22 14:45:21,592:INFO:Successfully fetched 1 comments from post 1e917bu
2024-07-22 14:45:21,941:INFO:Successfully fetched 2 comments from post 1e90v74
2024-07-22 14:45:22,287:INFO:Successfully fetched 2 comments from post 1e90gx1
2024-07-22 14:45:22,675:INFO:Successfully fetched 6 comments from post 1e8zvru
2024-07-22 14:45:23,049:INFO:Successfully fetched 5 comments from post 1e8ul6t
2024-07-22 14:45:23,427:INFO:Successfully fetched 4 comments from post 1e8zljt
2024-07-22 14:45:23,817:INFO:Successfully fetched 10 comments from post 1e8jhsh
2024-07-22 14:45:24,165:INFO:Successfully fetched 2 comments from post 1e8yw9g
2024-07-22 14:45:24,509:INFO:Successfully fetched 2 comments from post 1e8yryw
2024-07-22 14:45:24,963:INFO:Successfully fetched 23 comments from post 1e8yrj1
2024-07-22 14:45:26,499:INFO:Successfully fetched 140 comments from post 1e87wcu
2024-07-22 14:45:27,071:INFO:Successfully fetched 39 comments from post 1e8cgx5
2024-07-22 14:45:27,515:INFO:Successfully fetched 14 comments from post 1e8egym
2024-07-22 14:45:27,860:INFO:Successfully fetched 1 comments from post 1e8xsa9
2024-07-22 14:45:28,223:INFO:Successfully fetched 2 comments from post 1e8xptk
2024-07-22 14:45:28,675:INFO:Successfully fetched 21 comments from post 1e8gvip
2024-07-22 14:45:29,080:INFO:Successfully fetched 9 comments from post 1e8x1yf
2024-07-22 14:45:29,566:INFO:Successfully fetched 26 comments from post 1e84jjj
2024-07-22 14:45:29,944:INFO:Successfully fetched 11 comments from post 1e8ektz
2024-07-22 14:45:30,302:INFO:Successfully fetched 2 comments from post 1e8wgiu
2024-07-22 14:45:30,648:INFO:Successfully fetched 3 comments from post 1e8vy7z
2024-07-22 14:45:31,030:INFO:Successfully fetched 7 comments from post 1e8qnzz
2024-07-22 14:45:31,436:INFO:Successfully fetched 15 comments from post 1e8axhp
2024-07-22 14:45:31,902:INFO:Successfully fetched 2 comments from post 1e8njrg
2024-07-22 14:45:32,449:INFO:Successfully fetched 27 comments from post 1e8badt
2024-07-22 14:45:32,825:INFO:Successfully fetched 4 comments from post 1e8uwll
2024-07-22 14:45:33,191:INFO:Successfully fetched 8 comments from post 1e8z8fo
2024-07-22 14:45:33,554:INFO:Successfully fetched 1 comments from post 1e91u2j
2024-07-22 14:45:33,918:INFO:Successfully fetched 2 comments from post 1e8g1tf
2024-07-22 14:45:34,338:INFO:Successfully fetched 7 comments from post 1e8ojo3
2024-07-22 14:45:34,704:INFO:Successfully fetched 2 comments from post 1e8j1ic
2024-07-22 14:45:35,046:INFO:Successfully fetched 1 comments from post 1e8tbue
2024-07-22 14:45:35,430:INFO:Successfully fetched 4 comments from post 1e8srsx
2024-07-22 14:45:35,809:INFO:Successfully fetched 2 comments from post 1e8snwq
2024-07-22 14:45:36,259:INFO:Successfully fetched 28 comments from post 1e7zwk4
2024-07-22 14:45:38,301:INFO:Successfully fetched 176 comments from post 1e7x54b
2024-07-22 14:45:38,648:INFO:Successfully fetched 3 comments from post 1e8ruee
2024-07-22 14:46:37,649:ERROR:Error occurred: Can't implicitly convert non-string objects to strings
2024-07-22 17:00:16,172:INFO:Successfully fetched 100 posts from XDefiant
2024-07-22 17:00:16,529:INFO:Successfully fetched 0 comments from post 1cin51m
2024-07-22 17:00:16,890:INFO:Successfully fetched 1 comments from post 1e5rjw0
2024-07-22 17:00:18,636:INFO:Successfully fetched 139 comments from post 1e94un0
2024-07-22 17:00:19,045:INFO:Successfully fetched 15 comments from post 1e9evsm
2024-07-22 17:00:19,441:INFO:Successfully fetched 11 comments from post 1e9aauz
2024-07-22 17:00:20,343:INFO:Successfully fetched 83 comments from post 1e90qnl
2024-07-22 17:00:21,252:INFO:Successfully fetched 77 comments from post 1e91ii9
2024-07-22 17:00:21,670:INFO:Successfully fetched 17 comments from post 1e9epib
2024-07-22 17:00:22,531:INFO:Successfully fetched 83 comments from post 1e908oy
2024-07-22 17:00:22,896:INFO:Successfully fetched 1 comments from post 1e9e6w4
2024-07-22 17:00:23,273:INFO:Successfully fetched 7 comments from post 1e94gb0
2024-07-22 17:00:23,771:INFO:Successfully fetched 22 comments from post 1e90j1s
2024-07-22 17:00:24,136:INFO:Successfully fetched 2 comments from post 1e9ej94
2024-07-22 17:00:24,526:INFO:Successfully fetched 6 comments from post 1e9ab4w
2024-07-22 17:00:24,957:INFO:Successfully fetched 23 comments from post 1e8w4bp
2024-07-22 17:00:26,106:INFO:Successfully fetched 146 comments from post 1e90xad
2024-07-22 17:00:29,083:INFO:Successfully fetched 213 comments from post 1e8m3uw
2024-07-22 17:00:29,553:INFO:Successfully fetched 23 comments from post 1e8tank
2024-07-22 17:00:29,924:INFO:Successfully fetched 2 comments from post 1e9fzcu
2024-07-22 17:00:30,293:INFO:Successfully fetched 4 comments from post 1e9fu7b
2024-07-22 17:00:30,637:INFO:Successfully fetched 1 comments from post 1e9chm4
2024-07-22 17:00:31,003:INFO:Successfully fetched 2 comments from post 1e98e66
2024-07-22 17:00:31,392:INFO:Successfully fetched 10 comments from post 1e8nw89
2024-07-22 17:00:31,746:INFO:Successfully fetched 2 comments from post 1e9chut
2024-07-22 17:00:32,110:INFO:Successfully fetched 5 comments from post 1e96ok7
2024-07-22 17:00:32,473:INFO:Successfully fetched 1 comments from post 1e9gdc7
2024-07-22 17:00:32,830:INFO:Successfully fetched 4 comments from post 1e987w0
2024-07-22 17:00:33,687:INFO:Successfully fetched 74 comments from post 1e8z1fu
2024-07-22 17:00:34,045:INFO:Successfully fetched 1 comments from post 1e99f3y
2024-07-22 17:00:34,422:INFO:Successfully fetched 4 comments from post 1e95yy5
2024-07-22 17:00:34,784:INFO:Successfully fetched 2 comments from post 1e9fqpx
2024-07-22 17:00:35,262:INFO:Successfully fetched 15 comments from post 1e98uc8
2024-07-22 17:00:35,663:INFO:Successfully fetched 13 comments from post 1e8x1sk
2024-07-22 17:00:36,141:INFO:Successfully fetched 34 comments from post 1e8tsv0
2024-07-22 17:00:36,497:INFO:Successfully fetched 4 comments from post 1e9dkd5
2024-07-22 17:00:36,976:INFO:Successfully fetched 27 comments from post 1e90uxy
2024-07-22 17:00:37,378:INFO:Successfully fetched 14 comments from post 1e8k1kp
2024-07-22 17:00:37,735:INFO:Successfully fetched 2 comments from post 1e93gkn
2024-07-22 17:00:39,333:INFO:Successfully fetched 140 comments from post 1e8ghtc
2024-07-22 17:00:40,357:INFO:Successfully fetched 119 comments from post 1e8j37h
2024-07-22 17:00:40,768:INFO:Successfully fetched 16 comments from post 1e9ahuo
2024-07-22 17:00:41,119:INFO:Successfully fetched 1 comments from post 1e9aaw1
2024-07-22 17:00:41,476:INFO:Successfully fetched 2 comments from post 1e96yb6
2024-07-22 17:00:41,919:INFO:Successfully fetched 14 comments from post 1e8ts7w
2024-07-22 17:00:42,292:INFO:Successfully fetched 3 comments from post 1e99lbu
2024-07-22 17:00:42,874:INFO:Successfully fetched 2 comments from post 1e8wknn
2024-07-22 17:00:43,252:INFO:Successfully fetched 4 comments from post 1e90bqf
2024-07-22 17:00:43,617:INFO:Successfully fetched 7 comments from post 1e8uj7n
2024-07-22 17:00:43,981:INFO:Successfully fetched 2 comments from post 1e94tws
2024-07-22 17:00:44,357:INFO:Successfully fetched 3 comments from post 1e97xt4
2024-07-22 17:00:44,776:INFO:Successfully fetched 10 comments from post 1e8r2x3
2024-07-22 17:00:45,133:INFO:Successfully fetched 1 comments from post 1e97tu5
2024-07-22 17:00:45,536:INFO:Successfully fetched 12 comments from post 1e9191p
2024-07-22 17:00:45,889:INFO:Successfully fetched 4 comments from post 1e8pf6x
2024-07-22 17:00:46,278:INFO:Successfully fetched 9 comments from post 1e8uh72
2024-07-22 17:00:46,679:INFO:Successfully fetched 1 comments from post 1e90hx6
2024-07-22 17:00:49,727:INFO:Successfully fetched 370 comments from post 1e87uwr
2024-07-22 17:00:50,090:INFO:Successfully fetched 6 comments from post 1e901vl
2024-07-22 17:00:50,466:INFO:Successfully fetched 3 comments from post 1e8oieo
2024-07-22 17:00:50,832:INFO:Successfully fetched 5 comments from post 1e95u23
2024-07-22 17:00:51,185:INFO:Successfully fetched 2 comments from post 1e95ij2
2024-07-22 17:00:51,539:INFO:Successfully fetched 2 comments from post 1e917bu
2024-07-22 17:00:51,893:INFO:Successfully fetched 2 comments from post 1e8z34j
2024-07-22 17:00:52,303:INFO:Successfully fetched 17 comments from post 1e93gne
2024-07-22 17:00:52,659:INFO:Successfully fetched 1 comments from post 1e93dqs
2024-07-22 17:00:53,039:INFO:Successfully fetched 4 comments from post 1e8yjg7
2024-07-22 17:00:53,403:INFO:Successfully fetched 3 comments from post 1e92t38
2024-07-22 17:00:53,806:INFO:Successfully fetched 14 comments from post 1e8px1s
2024-07-22 17:00:54,158:INFO:Successfully fetched 1 comments from post 1e920oh
2024-07-22 17:00:54,616:INFO:Successfully fetched 22 comments from post 1e87g8l
2024-07-22 17:00:54,998:INFO:Successfully fetched 4 comments from post 1e8lz5h
2024-07-22 17:00:55,380:INFO:Successfully fetched 4 comments from post 1e90v74
2024-07-22 17:00:55,745:INFO:Successfully fetched 2 comments from post 1e90gx1
2024-07-22 17:00:56,123:INFO:Successfully fetched 6 comments from post 1e8zvru
2024-07-22 17:00:56,486:INFO:Successfully fetched 5 comments from post 1e8ul6t
2024-07-22 17:00:56,845:INFO:Successfully fetched 5 comments from post 1e8zljt
2024-07-22 17:00:57,221:INFO:Successfully fetched 10 comments from post 1e8jhsh
2024-07-22 17:00:57,597:INFO:Successfully fetched 10 comments from post 1e8z7p4
2024-07-22 17:00:57,953:INFO:Successfully fetched 3 comments from post 1e8yw9g
2024-07-22 17:00:58,304:INFO:Successfully fetched 2 comments from post 1e8yryw
2024-07-22 17:00:58,731:INFO:Successfully fetched 23 comments from post 1e8yrj1
2024-07-22 17:01:00,650:INFO:Successfully fetched 146 comments from post 1e87wcu
2024-07-22 17:01:01,182:INFO:Successfully fetched 39 comments from post 1e8cgx5
2024-07-22 17:01:01,600:INFO:Successfully fetched 14 comments from post 1e8egym
2024-07-22 17:01:01,949:INFO:Successfully fetched 1 comments from post 1e8xsa9
2024-07-22 17:01:02,303:INFO:Successfully fetched 2 comments from post 1e8xptk
2024-07-22 17:01:02,811:INFO:Successfully fetched 26 comments from post 1e84jjj
2024-07-22 17:01:03,236:INFO:Successfully fetched 21 comments from post 1e8gvip
2024-07-22 17:01:03,622:INFO:Successfully fetched 9 comments from post 1e8x1yf
2024-07-22 17:01:04,011:INFO:Successfully fetched 11 comments from post 1e8ektz
2024-07-22 17:01:04,413:INFO:Successfully fetched 2 comments from post 1e8wgiu
2024-07-22 17:01:04,785:INFO:Successfully fetched 3 comments from post 1e8vy7z
2024-07-22 17:01:05,193:INFO:Successfully fetched 8 comments from post 1e8qnzz
2024-07-22 17:01:05,603:INFO:Successfully fetched 15 comments from post 1e8axhp
2024-07-22 17:01:05,951:INFO:Successfully fetched 2 comments from post 1e8njrg
2024-07-22 17:01:06,386:INFO:Successfully fetched 27 comments from post 1e8badt
2024-07-22 17:01:06,763:INFO:Successfully fetched 4 comments from post 1e8uwll
2024-07-22 17:01:07,138:INFO:Successfully fetched 8 comments from post 1e8z8fo
2024-07-22 17:01:07,492:INFO:Successfully fetched 2 comments from post 1e8g1tf
2024-07-22 17:01:07,869:INFO:Successfully fetched 7 comments from post 1e8ojo3
2024-07-22 17:02:07,779:ERROR:Error occurred: Can't implicitly convert non-string objects to strings
2024-07-22 17:04:51,724:INFO:Successfully fetched 100 posts from XDefiant
2024-07-22 17:04:52,078:INFO:Successfully fetched 0 comments from post 1cin51m
2024-07-22 17:04:52,441:INFO:Successfully fetched 1 comments from post 1e5rjw0
2024-07-22 17:04:53,941:INFO:Successfully fetched 140 comments from post 1e94un0
2024-07-22 17:04:54,332:INFO:Successfully fetched 17 comments from post 1e9evsm
2024-07-22 17:04:54,723:INFO:Successfully fetched 11 comments from post 1e9aauz
2024-07-22 17:04:55,355:INFO:Successfully fetched 83 comments from post 1e90qnl
2024-07-22 17:04:56,219:INFO:Successfully fetched 77 comments from post 1e91ii9
2024-07-22 17:04:56,630:INFO:Successfully fetched 17 comments from post 1e9epib
2024-07-22 17:04:57,509:INFO:Successfully fetched 83 comments from post 1e908oy
2024-07-22 17:04:57,855:INFO:Successfully fetched 1 comments from post 1e9e6w4
2024-07-22 17:04:58,246:INFO:Successfully fetched 7 comments from post 1e94gb0
2024-07-22 17:04:58,746:INFO:Successfully fetched 22 comments from post 1e90j1s
2024-07-22 17:04:59,103:INFO:Successfully fetched 2 comments from post 1e9ej94
2024-07-22 17:04:59,459:INFO:Successfully fetched 2 comments from post 1e9fzcu
2024-07-22 17:04:59,823:INFO:Successfully fetched 4 comments from post 1e9fu7b
2024-07-22 17:05:00,202:INFO:Successfully fetched 6 comments from post 1e9ab4w
2024-07-22 17:05:00,634:INFO:Successfully fetched 23 comments from post 1e8w4bp
2024-07-22 17:05:00,996:INFO:Successfully fetched 1 comments from post 1e9chm4
2024-07-22 17:05:02,245:INFO:Successfully fetched 149 comments from post 1e90xad
2024-07-22 17:05:05,469:INFO:Successfully fetched 214 comments from post 1e8m3uw
2024-07-22 17:05:05,934:INFO:Successfully fetched 23 comments from post 1e8tank
2024-07-22 17:05:06,290:INFO:Successfully fetched 2 comments from post 1e98e66
2024-07-22 17:05:06,668:INFO:Successfully fetched 10 comments from post 1e8nw89
2024-07-22 17:05:07,036:INFO:Successfully fetched 2 comments from post 1e9chut
2024-07-22 17:05:07,402:INFO:Successfully fetched 5 comments from post 1e96ok7
2024-07-22 17:05:07,769:INFO:Successfully fetched 5 comments from post 1e9gdc7
2024-07-22 17:05:08,131:INFO:Successfully fetched 4 comments from post 1e987w0
2024-07-22 17:05:08,976:INFO:Successfully fetched 74 comments from post 1e8z1fu
2024-07-22 17:05:09,343:INFO:Successfully fetched 1 comments from post 1e99f3y
2024-07-22 17:05:09,714:INFO:Successfully fetched 4 comments from post 1e95yy5
2024-07-22 17:05:10,066:INFO:Successfully fetched 2 comments from post 1e9fqpx
2024-07-22 17:05:10,528:INFO:Successfully fetched 15 comments from post 1e98uc8
2024-07-22 17:05:10,920:INFO:Successfully fetched 13 comments from post 1e8x1sk
2024-07-22 17:05:11,421:INFO:Successfully fetched 34 comments from post 1e8tsv0
2024-07-22 17:05:11,799:INFO:Successfully fetched 4 comments from post 1e9dkd5
2024-07-22 17:05:12,283:INFO:Successfully fetched 27 comments from post 1e90uxy
2024-07-22 17:05:12,701:INFO:Successfully fetched 14 comments from post 1e8k1kp
2024-07-22 17:05:13,069:INFO:Successfully fetched 2 comments from post 1e93gkn
2024-07-22 17:05:14,305:INFO:Successfully fetched 140 comments from post 1e8ghtc
2024-07-22 17:05:15,341:INFO:Successfully fetched 119 comments from post 1e8j37h
2024-07-22 17:05:15,750:INFO:Successfully fetched 16 comments from post 1e9ahuo
2024-07-22 17:05:16,111:INFO:Successfully fetched 1 comments from post 1e9aaw1
2024-07-22 17:05:16,480:INFO:Successfully fetched 2 comments from post 1e96yb6
2024-07-22 17:05:16,907:INFO:Successfully fetched 14 comments from post 1e8ts7w
2024-07-22 17:05:17,267:INFO:Successfully fetched 3 comments from post 1e99lbu
2024-07-22 17:05:17,641:INFO:Successfully fetched 2 comments from post 1e8wknn
2024-07-22 17:05:17,992:INFO:Successfully fetched 4 comments from post 1e90bqf
2024-07-22 17:05:18,377:INFO:Successfully fetched 7 comments from post 1e8uj7n
2024-07-22 17:05:18,736:INFO:Successfully fetched 2 comments from post 1e94tws
2024-07-22 17:05:19,096:INFO:Successfully fetched 3 comments from post 1e97xt4
2024-07-22 17:05:19,541:INFO:Successfully fetched 10 comments from post 1e8r2x3
2024-07-22 17:05:19,911:INFO:Successfully fetched 1 comments from post 1e97tu5
2024-07-22 17:05:20,300:INFO:Successfully fetched 12 comments from post 1e9191p
2024-07-22 17:05:20,665:INFO:Successfully fetched 4 comments from post 1e8pf6x
2024-07-22 17:05:21,043:INFO:Successfully fetched 9 comments from post 1e8uh72
2024-07-22 17:05:21,433:INFO:Successfully fetched 1 comments from post 1e90hx6
2024-07-22 17:05:24,046:INFO:Successfully fetched 370 comments from post 1e87uwr
2024-07-22 17:05:24,409:INFO:Successfully fetched 6 comments from post 1e901vl
2024-07-22 17:05:24,766:INFO:Successfully fetched 3 comments from post 1e8oieo
2024-07-22 17:05:25,127:INFO:Successfully fetched 5 comments from post 1e95u23
2024-07-22 17:05:25,496:INFO:Successfully fetched 2 comments from post 1e95ij2
2024-07-22 17:05:25,860:INFO:Successfully fetched 2 comments from post 1e917bu
2024-07-22 17:05:26,239:INFO:Successfully fetched 2 comments from post 1e8z34j
2024-07-22 17:05:26,640:INFO:Successfully fetched 17 comments from post 1e93gne
2024-07-22 17:05:26,985:INFO:Successfully fetched 1 comments from post 1e93dqs
2024-07-22 17:05:27,362:INFO:Successfully fetched 4 comments from post 1e8yjg7
2024-07-22 17:05:27,724:INFO:Successfully fetched 3 comments from post 1e92t38
2024-07-22 17:05:28,135:INFO:Successfully fetched 14 comments from post 1e8px1s
2024-07-22 17:05:28,488:INFO:Successfully fetched 1 comments from post 1e920oh
2024-07-22 17:05:28,965:INFO:Successfully fetched 22 comments from post 1e87g8l
2024-07-22 17:05:29,361:INFO:Successfully fetched 4 comments from post 1e8lz5h
2024-07-22 17:05:29,745:INFO:Successfully fetched 4 comments from post 1e90v74
2024-07-22 17:05:30,096:INFO:Successfully fetched 2 comments from post 1e90gx1
2024-07-22 17:05:30,468:INFO:Successfully fetched 6 comments from post 1e8zvru
2024-07-22 17:05:30,851:INFO:Successfully fetched 5 comments from post 1e8ul6t
2024-07-22 17:05:31,217:INFO:Successfully fetched 5 comments from post 1e8zljt
2024-07-22 17:05:31,621:INFO:Successfully fetched 10 comments from post 1e8jhsh
2024-07-22 17:05:32,008:INFO:Successfully fetched 10 comments from post 1e8z7p4
2024-07-22 17:05:32,367:INFO:Successfully fetched 3 comments from post 1e8yw9g
2024-07-22 17:05:32,719:INFO:Successfully fetched 2 comments from post 1e8yryw
2024-07-22 17:05:33,155:INFO:Successfully fetched 23 comments from post 1e8yrj1
2024-07-22 17:05:34,781:INFO:Successfully fetched 146 comments from post 1e87wcu
2024-07-22 17:05:35,278:INFO:Successfully fetched 39 comments from post 1e8cgx5
2024-07-22 17:05:35,713:INFO:Successfully fetched 14 comments from post 1e8egym
2024-07-22 17:05:36,063:INFO:Successfully fetched 1 comments from post 1e8xsa9
2024-07-22 17:05:36,464:INFO:Successfully fetched 2 comments from post 1e8xptk
2024-07-22 17:05:36,904:INFO:Successfully fetched 26 comments from post 1e84jjj
2024-07-22 17:05:37,350:INFO:Successfully fetched 21 comments from post 1e8gvip
2024-07-22 17:05:37,719:INFO:Successfully fetched 9 comments from post 1e8x1yf
2024-07-22 17:05:38,103:INFO:Successfully fetched 11 comments from post 1e8ektz
2024-07-22 17:05:38,459:INFO:Successfully fetched 2 comments from post 1e8wgiu
2024-07-22 17:05:38,820:INFO:Successfully fetched 3 comments from post 1e8vy7z
2024-07-22 17:05:39,225:INFO:Successfully fetched 8 comments from post 1e8qnzz
2024-07-22 17:05:39,656:INFO:Successfully fetched 15 comments from post 1e8axhp
2024-07-22 17:05:40,010:INFO:Successfully fetched 2 comments from post 1e8njrg
2024-07-22 17:05:40,455:INFO:Successfully fetched 27 comments from post 1e8badt
2024-07-22 17:05:40,822:INFO:Successfully fetched 4 comments from post 1e8uwll
2024-07-22 17:05:41,203:INFO:Successfully fetched 8 comments from post 1e8z8fo
2024-07-22 17:05:41,560:INFO:Successfully fetched 2 comments from post 1e8g1tf
2024-07-22 17:05:41,949:INFO:Successfully fetched 7 comments from post 1e8ojo3
2024-07-22 17:06:43,353:ERROR:Error occurred: Can't implicitly convert non-string objects to strings
2024-07-24 13:42:43,074:INFO:Successfully fetched 100 posts from XDefiant
2024-07-24 13:42:43,410:INFO:Successfully fetched 0 comments from post 1cin51m
2024-07-24 13:42:43,786:INFO:Successfully fetched 4 comments from post 1e5rjw0
2024-07-24 13:42:44,204:INFO:Successfully fetched 16 comments from post 1eavliv
2024-07-24 13:42:44,589:INFO:Successfully fetched 10 comments from post 1eatkk3
2024-07-24 13:42:45,042:INFO:Successfully fetched 26 comments from post 1eavjaq
2024-07-24 13:42:45,835:INFO:Successfully fetched 37 comments from post 1eave7q
2024-07-24 13:42:46,223:INFO:Successfully fetched 14 comments from post 1eax5zy
2024-07-24 13:42:46,583:INFO:Successfully fetched 3 comments from post 1eatx4o
2024-07-24 13:42:46,972:INFO:Successfully fetched 9 comments from post 1eatgd9
2024-07-24 13:42:47,361:INFO:Successfully fetched 8 comments from post 1eayh9e
2024-07-24 13:42:48,183:INFO:Successfully fetched 56 comments from post 1eai1lx
2024-07-24 13:42:48,983:INFO:Successfully fetched 67 comments from post 1eabkbd
2024-07-24 13:42:49,502:INFO:Successfully fetched 33 comments from post 1ea5jok
2024-07-24 13:42:49,864:INFO:Successfully fetched 6 comments from post 1eaxibz
2024-07-24 13:42:50,254:INFO:Successfully fetched 17 comments from post 1eaeg2w
2024-07-24 13:42:50,650:INFO:Successfully fetched 2 comments from post 1eaygqz
2024-07-24 13:42:51,729:INFO:Successfully fetched 93 comments from post 1eagrg0
2024-07-24 13:42:52,093:INFO:Successfully fetched 3 comments from post 1eaxr88
2024-07-24 13:42:52,439:INFO:Successfully fetched 2 comments from post 1eawah7
2024-07-24 13:42:52,998:INFO:Successfully fetched 39 comments from post 1eajsy9
2024-07-24 13:42:53,381:INFO:Successfully fetched 11 comments from post 1earkry
2024-07-24 13:42:53,829:INFO:Successfully fetched 17 comments from post 1eaaj0y
2024-07-24 13:42:54,238:INFO:Successfully fetched 10 comments from post 1eastr4
2024-07-24 13:42:54,589:INFO:Successfully fetched 1 comments from post 1eaw73a
2024-07-24 13:42:54,970:INFO:Successfully fetched 2 comments from post 1earipg
2024-07-24 13:42:55,362:INFO:Successfully fetched 3 comments from post 1eatd47
2024-07-24 13:42:55,788:INFO:Successfully fetched 25 comments from post 1ealppn
2024-07-24 13:42:56,147:INFO:Successfully fetched 1 comments from post 1eaxm10
2024-07-24 13:42:56,515:INFO:Successfully fetched 5 comments from post 1eae2zu
2024-07-24 13:42:56,925:INFO:Successfully fetched 14 comments from post 1ea3i5u
2024-07-24 13:42:57,288:INFO:Successfully fetched 3 comments from post 1eax4gf
2024-07-24 13:42:57,723:INFO:Successfully fetched 19 comments from post 1eajgn4
2024-07-24 13:42:58,144:INFO:Successfully fetched 21 comments from post 1eaq23u
2024-07-24 13:42:58,584:INFO:Successfully fetched 25 comments from post 1eajppl
2024-07-24 13:42:58,941:INFO:Successfully fetched 7 comments from post 1eatsd6
2024-07-24 13:42:59,285:INFO:Successfully fetched 1 comments from post 1eaz1uf
2024-07-24 13:42:59,657:INFO:Successfully fetched 10 comments from post 1eauvw6
2024-07-24 13:43:00,019:INFO:Successfully fetched 6 comments from post 1eaof5u
2024-07-24 13:43:00,516:INFO:Successfully fetched 25 comments from post 1eaal76
2024-07-24 13:43:00,883:INFO:Successfully fetched 4 comments from post 1eankwj
2024-07-24 13:43:01,260:INFO:Successfully fetched 8 comments from post 1eakcne
2024-07-24 13:43:01,624:INFO:Successfully fetched 1 comments from post 1eats26
2024-07-24 13:43:01,986:INFO:Successfully fetched 6 comments from post 1ea6zhn
2024-07-24 13:43:02,395:INFO:Successfully fetched 2 comments from post 1eawqqt
2024-07-24 13:43:02,764:INFO:Successfully fetched 7 comments from post 1eaj1mo
2024-07-24 13:43:03,122:INFO:Successfully fetched 3 comments from post 1eagi7j
2024-07-24 13:43:03,479:INFO:Successfully fetched 5 comments from post 1eaejx1
2024-07-24 13:43:03,858:INFO:Successfully fetched 9 comments from post 1ealq5z
2024-07-24 13:43:04,229:INFO:Successfully fetched 6 comments from post 1eah7vo
2024-07-24 13:43:04,576:INFO:Successfully fetched 2 comments from post 1ean66t
2024-07-24 13:43:04,945:INFO:Successfully fetched 13 comments from post 1ea9nmy
2024-07-24 13:43:07,102:INFO:Successfully fetched 230 comments from post 1ea12ph
2024-07-24 13:43:07,528:INFO:Successfully fetched 18 comments from post 1eaf0e0
2024-07-24 13:43:07,968:INFO:Successfully fetched 16 comments from post 1eahqir
2024-07-24 13:43:08,427:INFO:Successfully fetched 22 comments from post 1ea2fbi
2024-07-24 13:43:08,775:INFO:Successfully fetched 1 comments from post 1easj68
2024-07-24 13:43:09,182:INFO:Successfully fetched 24 comments from post 1eas5l1
2024-07-24 13:43:09,945:INFO:Successfully fetched 47 comments from post 1earriw
2024-07-24 13:43:10,316:INFO:Successfully fetched 11 comments from post 1eaa3jf
2024-07-24 13:43:10,705:INFO:Successfully fetched 13 comments from post 1eah48y
2024-07-24 13:43:11,241:INFO:Successfully fetched 52 comments from post 1e9ufyw
2024-07-24 13:43:11,644:INFO:Successfully fetched 11 comments from post 1eamdlm
2024-07-24 13:43:12,020:INFO:Successfully fetched 9 comments from post 1eaqlsy
2024-07-24 13:43:12,381:INFO:Successfully fetched 2 comments from post 1eae53r
2024-07-24 13:43:12,815:INFO:Successfully fetched 19 comments from post 1eau2e9
2024-07-24 13:43:13,179:INFO:Successfully fetched 6 comments from post 1eal6kk
2024-07-24 13:43:13,556:INFO:Successfully fetched 9 comments from post 1eal2em
2024-07-24 13:43:13,919:INFO:Successfully fetched 3 comments from post 1eatuwb
2024-07-24 13:43:14,266:INFO:Successfully fetched 5 comments from post 1eapbdj
2024-07-24 13:43:14,618:INFO:Successfully fetched 1 comments from post 1eacuun
2024-07-24 13:43:14,968:INFO:Successfully fetched 1 comments from post 1eagr8f
2024-07-24 13:43:15,349:INFO:Successfully fetched 8 comments from post 1eaykmx
2024-07-24 13:43:15,700:INFO:Successfully fetched 6 comments from post 1eaossk
2024-07-24 13:43:16,120:INFO:Successfully fetched 19 comments from post 1e9w5d3
2024-07-24 13:43:16,494:INFO:Successfully fetched 7 comments from post 1eabxp5
2024-07-24 13:43:16,856:INFO:Successfully fetched 2 comments from post 1eaaylk
2024-07-24 13:43:17,395:INFO:Successfully fetched 48 comments from post 1e9tqfa
2024-07-24 13:43:17,731:INFO:Successfully fetched 2 comments from post 1ean9ti
2024-07-24 13:43:18,115:INFO:Successfully fetched 6 comments from post 1eac92v
2024-07-24 13:43:18,482:INFO:Successfully fetched 3 comments from post 1ean7oq
2024-07-24 13:43:18,825:INFO:Successfully fetched 1 comments from post 1eamywl
2024-07-24 13:43:19,193:INFO:Successfully fetched 10 comments from post 1eam94u
2024-07-24 13:43:21,466:INFO:Successfully fetched 4 comments from post 1eaqkg0
2024-07-24 13:43:21,823:INFO:Successfully fetched 3 comments from post 1eakfuo
2024-07-24 13:43:22,181:INFO:Successfully fetched 6 comments from post 1eakagy
2024-07-24 13:43:22,527:INFO:Successfully fetched 2 comments from post 1eak8up
2024-07-24 13:43:23,397:INFO:Successfully fetched 80 comments from post 1e9qbr3
2024-07-24 13:43:23,766:INFO:Successfully fetched 2 comments from post 1eaecic
2024-07-24 13:43:25,119:INFO:Successfully fetched 168 comments from post 1e9evsm
2024-07-24 13:43:25,507:INFO:Successfully fetched 2 comments from post 1eaj3f4
2024-07-24 13:43:25,840:INFO:Successfully fetched 0 comments from post 1eade0v
2024-07-24 13:43:26,203:INFO:Successfully fetched 9 comments from post 1e9zge7
2024-07-24 13:43:26,581:INFO:Successfully fetched 2 comments from post 1eacfew
2024-07-24 13:43:27,031:INFO:Successfully fetched 27 comments from post 1e9qexz
2024-07-24 13:43:27,397:INFO:Successfully fetched 4 comments from post 1ea8i70
2024-07-24 13:43:28,200:INFO:Successfully fetched 113 comments from post 1e9jykv
2024-07-24 13:43:28,542:INFO:Successfully fetched 2 comments from post 1eam2kg
2024-07-24 13:43:28,884:INFO:Successfully fetched 3 comments from post 1eafthj
2024-07-24 13:43:29,222:INFO:Successfully fetched 1 comments from post 1eafren
2024-07-24 13:43:29,555:INFO:Successfully fetched 0 comments from post 1eafbcd
2024-07-24 13:44:16,056:ERROR:Error occurred: Can't implicitly convert non-string objects to strings
2024-07-24 16:03:18,626:INFO:Successfully fetched 59 posts from XDefiant
2024-07-24 16:03:18,989:INFO:Successfully fetched 0 comments from post 1cin51m
2024-07-24 16:03:19,470:INFO:Successfully fetched 23 comments from post 1eax5zy
2024-07-24 16:03:19,834:INFO:Successfully fetched 6 comments from post 1eazj48
2024-07-24 16:03:20,974:INFO:Successfully fetched 67 comments from post 1eabkbd
2024-07-24 16:03:21,347:INFO:Successfully fetched 3 comments from post 1eawah7
2024-07-24 16:03:21,766:INFO:Successfully fetched 15 comments from post 1eax4gf
2024-07-24 16:03:22,138:INFO:Successfully fetched 1 comments from post 1eb213d
2024-07-24 16:03:22,512:INFO:Successfully fetched 8 comments from post 1eaxibz
2024-07-24 16:03:22,866:INFO:Successfully fetched 3 comments from post 1eb180q
2024-07-24 16:03:23,922:INFO:Successfully fetched 98 comments from post 1eagrg0
2024-07-24 16:03:24,344:INFO:Successfully fetched 12 comments from post 1earkry
2024-07-24 16:03:24,705:INFO:Successfully fetched 2 comments from post 1eb0knu
2024-07-24 16:03:25,512:INFO:Successfully fetched 27 comments from post 1ealppn
2024-07-24 16:03:25,934:INFO:Successfully fetched 13 comments from post 1eauvw6
2024-07-24 16:03:26,279:INFO:Successfully fetched 1 comments from post 1eb23cj
2024-07-24 16:03:26,621:INFO:Successfully fetched 1 comments from post 1eb1zvc
2024-07-24 16:03:26,970:INFO:Successfully fetched 1 comments from post 1eb1k1w
2024-07-24 16:03:27,362:INFO:Successfully fetched 5 comments from post 1eb1ge6
2024-07-24 16:03:27,736:INFO:Successfully fetched 7 comments from post 1eatsd6
2024-07-24 16:03:28,160:INFO:Successfully fetched 19 comments from post 1eajgn4
2024-07-24 16:03:28,516:INFO:Successfully fetched 1 comments from post 1eazzrz
2024-07-24 16:03:28,943:INFO:Successfully fetched 21 comments from post 1eaq23u
2024-07-24 16:03:29,329:INFO:Successfully fetched 2 comments from post 1eaz1uf
2024-07-24 16:03:29,714:INFO:Successfully fetched 6 comments from post 1eaof5u
2024-07-24 16:03:30,207:INFO:Successfully fetched 25 comments from post 1eaal76
2024-07-24 16:03:30,597:INFO:Successfully fetched 8 comments from post 1eakcne
2024-07-24 16:03:30,938:INFO:Successfully fetched 1 comments from post 1eats26
2024-07-24 16:03:31,355:INFO:Successfully fetched 6 comments from post 1ea6zhn
2024-07-24 16:03:31,711:INFO:Successfully fetched 2 comments from post 1eawqqt
2024-07-24 16:03:32,077:INFO:Successfully fetched 7 comments from post 1eaj1mo
2024-07-24 16:03:32,468:INFO:Successfully fetched 6 comments from post 1eah7vo
2024-07-24 16:03:32,819:INFO:Successfully fetched 3 comments from post 1ean66t
2024-07-24 16:03:33,354:INFO:Successfully fetched 19 comments from post 1eau2e9
2024-07-24 16:03:33,767:INFO:Successfully fetched 13 comments from post 1ea9nmy
2024-07-24 16:03:35,402:INFO:Successfully fetched 233 comments from post 1ea12ph
2024-07-24 16:03:35,802:INFO:Successfully fetched 14 comments from post 1eamdlm
2024-07-24 16:03:36,217:INFO:Successfully fetched 19 comments from post 1eaf0e0
2024-07-24 16:03:36,617:INFO:Successfully fetched 16 comments from post 1eahqir
2024-07-24 16:03:36,977:INFO:Successfully fetched 1 comments from post 1easj68
2024-07-24 16:03:37,407:INFO:Successfully fetched 24 comments from post 1eas5l1
2024-07-24 16:03:37,780:INFO:Successfully fetched 11 comments from post 1eaa3jf
2024-07-24 16:03:38,206:INFO:Successfully fetched 13 comments from post 1eah48y
2024-07-24 16:03:38,583:INFO:Successfully fetched 9 comments from post 1eaqlsy
2024-07-24 16:03:38,931:INFO:Successfully fetched 2 comments from post 1eae53r
2024-07-24 16:03:39,285:INFO:Successfully fetched 6 comments from post 1eal6kk
2024-07-24 16:03:39,664:INFO:Successfully fetched 5 comments from post 1eapbdj
2024-07-24 16:03:40,027:INFO:Successfully fetched 1 comments from post 1eagr8f
2024-07-24 16:03:40,399:INFO:Successfully fetched 7 comments from post 1eaossk
2024-07-24 16:03:40,768:INFO:Successfully fetched 2 comments from post 1eaaylk
2024-07-24 16:03:41,118:INFO:Successfully fetched 2 comments from post 1ean9ti
2024-07-24 16:03:41,511:INFO:Successfully fetched 6 comments from post 1eac92v
2024-07-24 16:03:41,897:INFO:Successfully fetched 10 comments from post 1eam94u
2024-07-24 16:03:42,707:INFO:Successfully fetched 64 comments from post 1eayh9e
2024-07-24 16:03:43,078:INFO:Successfully fetched 3 comments from post 1eatuwb
2024-07-24 16:03:43,437:INFO:Successfully fetched 6 comments from post 1eakagy
2024-07-24 16:03:43,804:INFO:Successfully fetched 2 comments from post 1eak8up
2024-07-24 16:03:44,680:INFO:Successfully fetched 80 comments from post 1e9qbr3
2024-07-24 16:03:45,038:INFO:Successfully fetched 2 comments from post 1eaecic
2024-07-24 16:03:45,373:INFO:Successfully fetched 0 comments from post 1eade0v
2024-07-24 16:04:10,805:ERROR:Error occurred: Can't implicitly convert non-string objects to strings
2024-07-24 16:06:36,603:INFO:Successfully fetched 59 posts from XDefiant
2024-07-24 16:06:36,946:INFO:Successfully fetched 0 comments from post 1cin51m
2024-07-24 16:06:37,355:INFO:Successfully fetched 23 comments from post 1eax5zy
2024-07-24 16:06:37,724:INFO:Successfully fetched 6 comments from post 1eazj48
2024-07-24 16:06:38,327:INFO:Successfully fetched 67 comments from post 1eabkbd
2024-07-24 16:06:38,684:INFO:Successfully fetched 4 comments from post 1eawah7
2024-07-24 16:06:39,068:INFO:Successfully fetched 15 comments from post 1eax4gf
2024-07-24 16:06:39,405:INFO:Successfully fetched 1 comments from post 1eb213d
2024-07-24 16:06:39,780:INFO:Successfully fetched 8 comments from post 1eaxibz
2024-07-24 16:06:40,137:INFO:Successfully fetched 3 comments from post 1eb180q
2024-07-24 16:06:41,234:INFO:Successfully fetched 98 comments from post 1eagrg0
2024-07-24 16:06:41,633:INFO:Successfully fetched 12 comments from post 1earkry
2024-07-24 16:06:41,986:INFO:Successfully fetched 2 comments from post 1eb0knu
2024-07-24 16:06:42,837:INFO:Successfully fetched 27 comments from post 1ealppn
2024-07-24 16:06:43,233:INFO:Successfully fetched 13 comments from post 1eauvw6
2024-07-24 16:06:43,581:INFO:Successfully fetched 2 comments from post 1eb23cj
2024-07-24 16:06:43,915:INFO:Successfully fetched 1 comments from post 1eb1zvc
2024-07-24 16:06:44,254:INFO:Successfully fetched 1 comments from post 1eb1k1w
2024-07-24 16:06:44,638:INFO:Successfully fetched 5 comments from post 1eb1ge6
2024-07-24 16:06:45,006:INFO:Successfully fetched 7 comments from post 1eatsd6
2024-07-24 16:06:45,437:INFO:Successfully fetched 19 comments from post 1eajgn4
2024-07-24 16:06:45,790:INFO:Successfully fetched 1 comments from post 1eazzrz
2024-07-24 16:06:46,211:INFO:Successfully fetched 21 comments from post 1eaq23u
2024-07-24 16:06:46,565:INFO:Successfully fetched 2 comments from post 1eaz1uf
2024-07-24 16:06:46,934:INFO:Successfully fetched 6 comments from post 1eaof5u
2024-07-24 16:06:47,436:INFO:Successfully fetched 25 comments from post 1eaal76
2024-07-24 16:06:47,827:INFO:Successfully fetched 8 comments from post 1eakcne
2024-07-24 16:06:48,176:INFO:Successfully fetched 7 comments from post 1eaj1mo
2024-07-24 16:06:48,541:INFO:Successfully fetched 1 comments from post 1eats26
2024-07-24 16:06:48,934:INFO:Successfully fetched 6 comments from post 1ea6zhn
2024-07-24 16:06:49,297:INFO:Successfully fetched 2 comments from post 1eawqqt
2024-07-24 16:06:49,684:INFO:Successfully fetched 6 comments from post 1eah7vo
2024-07-24 16:06:50,044:INFO:Successfully fetched 3 comments from post 1ean66t
2024-07-24 16:06:50,524:INFO:Successfully fetched 19 comments from post 1eau2e9
2024-07-24 16:06:50,914:INFO:Successfully fetched 13 comments from post 1ea9nmy
2024-07-24 16:06:52,504:INFO:Successfully fetched 233 comments from post 1ea12ph
2024-07-24 16:06:52,892:INFO:Successfully fetched 14 comments from post 1eamdlm
2024-07-24 16:06:53,312:INFO:Successfully fetched 19 comments from post 1eaf0e0
2024-07-24 16:06:53,747:INFO:Successfully fetched 16 comments from post 1eahqir
2024-07-24 16:06:54,102:INFO:Successfully fetched 1 comments from post 1easj68
2024-07-24 16:06:54,543:INFO:Successfully fetched 24 comments from post 1eas5l1
2024-07-24 16:06:54,946:INFO:Successfully fetched 11 comments from post 1eaa3jf
2024-07-24 16:06:56,179:INFO:Successfully fetched 13 comments from post 1eah48y
2024-07-24 16:06:56,536:INFO:Successfully fetched 9 comments from post 1eaqlsy
2024-07-24 16:06:56,875:INFO:Successfully fetched 2 comments from post 1eae53r
2024-07-24 16:06:57,232:INFO:Successfully fetched 6 comments from post 1eal6kk
2024-07-24 16:06:57,600:INFO:Successfully fetched 5 comments from post 1eapbdj
2024-07-24 16:06:57,946:INFO:Successfully fetched 1 comments from post 1eagr8f
2024-07-24 16:06:58,303:INFO:Successfully fetched 7 comments from post 1eaossk
2024-07-24 16:06:58,639:INFO:Successfully fetched 2 comments from post 1eaaylk
2024-07-24 16:06:58,974:INFO:Successfully fetched 2 comments from post 1ean9ti
2024-07-24 16:06:59,363:INFO:Successfully fetched 6 comments from post 1eac92v
2024-07-24 16:06:59,731:INFO:Successfully fetched 10 comments from post 1eam94u
2024-07-24 16:07:00,589:INFO:Successfully fetched 67 comments from post 1eayh9e
2024-07-24 16:07:00,933:INFO:Successfully fetched 3 comments from post 1eatuwb
2024-07-24 16:07:01,307:INFO:Successfully fetched 6 comments from post 1eakagy
2024-07-24 16:07:01,657:INFO:Successfully fetched 2 comments from post 1eak8up
2024-07-24 16:07:02,646:INFO:Successfully fetched 80 comments from post 1e9qbr3
2024-07-24 16:07:03,004:INFO:Successfully fetched 2 comments from post 1eaecic
2024-07-24 16:07:03,346:INFO:Successfully fetched 0 comments from post 1eade0v
2024-07-24 16:07:28,703:INFO:Saved data to HDF5 groups: reddit_XDefiant_posts/20240724160728 and reddit_XDefiant_comments/20240724160728
2024-07-24 16:26:52,716:INFO:Successfully fetched 59 posts from XDefiant
2024-07-24 16:26:53,053:INFO:Successfully fetched 0 comments from post 1cin51m
2024-07-24 16:26:53,474:INFO:Successfully fetched 25 comments from post 1eax5zy
2024-07-24 16:26:53,851:INFO:Successfully fetched 6 comments from post 1eazj48
2024-07-24 16:26:54,190:INFO:Successfully fetched 4 comments from post 1eawah7
2024-07-24 16:26:55,258:INFO:Successfully fetched 67 comments from post 1eabkbd
2024-07-24 16:26:55,690:INFO:Successfully fetched 8 comments from post 1eaxibz
2024-07-24 16:26:56,072:INFO:Successfully fetched 15 comments from post 1eax4gf
2024-07-24 16:26:56,447:INFO:Successfully fetched 6 comments from post 1eb23cj
2024-07-24 16:26:56,801:INFO:Successfully fetched 1 comments from post 1eb213d
2024-07-24 16:26:57,175:INFO:Successfully fetched 7 comments from post 1eb1ge6
2024-07-24 16:26:57,541:INFO:Successfully fetched 5 comments from post 1eb180q
2024-07-24 16:26:58,503:INFO:Successfully fetched 99 comments from post 1eagrg0
2024-07-24 16:26:58,883:INFO:Successfully fetched 3 comments from post 1eb0knu
2024-07-24 16:26:59,254:INFO:Successfully fetched 12 comments from post 1earkry
2024-07-24 16:27:00,082:INFO:Successfully fetched 27 comments from post 1ealppn
2024-07-24 16:27:00,487:INFO:Successfully fetched 13 comments from post 1eauvw6
2024-07-24 16:27:00,835:INFO:Successfully fetched 1 comments from post 1eb1zvc
2024-07-24 16:27:01,196:INFO:Successfully fetched 2 comments from post 1eb1k1w
2024-07-24 16:27:01,573:INFO:Successfully fetched 7 comments from post 1eatsd6
2024-07-24 16:27:01,992:INFO:Successfully fetched 19 comments from post 1eajgn4
2024-07-24 16:27:02,328:INFO:Successfully fetched 1 comments from post 1eazzrz
2024-07-24 16:27:02,735:INFO:Successfully fetched 21 comments from post 1eaq23u
2024-07-24 16:27:03,090:INFO:Successfully fetched 1 comments from post 1eats26
2024-07-24 16:27:03,441:INFO:Successfully fetched 2 comments from post 1eaz1uf
2024-07-24 16:27:03,897:INFO:Successfully fetched 25 comments from post 1eaal76
2024-07-24 16:27:04,273:INFO:Successfully fetched 6 comments from post 1eaof5u
2024-07-24 16:27:04,654:INFO:Successfully fetched 9 comments from post 1eakcne
2024-07-24 16:27:05,038:INFO:Successfully fetched 6 comments from post 1ea6zhn
2024-07-24 16:27:05,393:INFO:Successfully fetched 2 comments from post 1eawqqt
2024-07-24 16:27:05,760:INFO:Successfully fetched 7 comments from post 1eaj1mo
2024-07-24 16:27:06,115:INFO:Successfully fetched 3 comments from post 1ean66t
2024-07-24 16:27:06,494:INFO:Successfully fetched 6 comments from post 1eah7vo
2024-07-24 16:27:06,925:INFO:Successfully fetched 13 comments from post 1ea9nmy
2024-07-24 16:27:08,630:INFO:Successfully fetched 233 comments from post 1ea12ph
2024-07-24 16:27:09,036:INFO:Successfully fetched 14 comments from post 1eamdlm
2024-07-24 16:27:09,442:INFO:Successfully fetched 19 comments from post 1eaf0e0
2024-07-24 16:27:09,864:INFO:Successfully fetched 16 comments from post 1eahqir
2024-07-24 16:27:10,216:INFO:Successfully fetched 1 comments from post 1easj68
2024-07-24 16:27:10,645:INFO:Successfully fetched 24 comments from post 1eas5l1
2024-07-24 16:27:11,268:INFO:Successfully fetched 11 comments from post 1eaa3jf
2024-07-24 16:27:11,628:INFO:Successfully fetched 2 comments from post 1eae53r
2024-07-24 16:27:12,028:INFO:Successfully fetched 13 comments from post 1eah48y
2024-07-24 16:27:12,389:INFO:Successfully fetched 9 comments from post 1eaqlsy
2024-07-24 16:27:12,850:INFO:Successfully fetched 19 comments from post 1eau2e9
2024-07-24 16:27:13,213:INFO:Successfully fetched 6 comments from post 1eal6kk
2024-07-24 16:27:13,571:INFO:Successfully fetched 5 comments from post 1eapbdj
2024-07-24 16:27:13,943:INFO:Successfully fetched 1 comments from post 1eagr8f
2024-07-24 16:27:14,300:INFO:Successfully fetched 7 comments from post 1eaossk
2024-07-24 16:27:14,680:INFO:Successfully fetched 2 comments from post 1eaaylk
2024-07-24 16:27:15,039:INFO:Successfully fetched 2 comments from post 1ean9ti
2024-07-24 16:27:15,413:INFO:Successfully fetched 6 comments from post 1eac92v
2024-07-24 16:27:15,798:INFO:Successfully fetched 10 comments from post 1eam94u
2024-07-24 16:27:16,659:INFO:Successfully fetched 68 comments from post 1eayh9e
2024-07-24 16:27:17,004:INFO:Successfully fetched 3 comments from post 1eatuwb
2024-07-24 16:27:17,371:INFO:Successfully fetched 6 comments from post 1eakagy
2024-07-24 16:27:17,729:INFO:Successfully fetched 2 comments from post 1eak8up
2024-07-24 16:27:18,447:INFO:Successfully fetched 80 comments from post 1e9qbr3
2024-07-24 16:27:18,797:INFO:Successfully fetched 2 comments from post 1eaecic
2024-07-24 16:27:19,136:INFO:Successfully fetched 0 comments from post 1eade0v
2024-07-24 16:27:44,655:INFO:Saved data to HDF5 groups: reddit_XDefiant_posts/20240724162744 and reddit_XDefiant_comments/20240724162744
2024-07-24 16:57:20,147:INFO:Successfully fetched 59 posts from XDefiant
2024-07-24 16:57:20,509:INFO:Successfully fetched 0 comments from post 1cin51m
2024-07-24 16:57:20,963:INFO:Successfully fetched 30 comments from post 1eax5zy
2024-07-24 16:57:21,348:INFO:Successfully fetched 4 comments from post 1eawah7
2024-07-24 16:57:21,715:INFO:Successfully fetched 6 comments from post 1eazj48
2024-07-24 16:57:22,332:INFO:Successfully fetched 70 comments from post 1eabkbd
2024-07-24 16:57:22,713:INFO:Successfully fetched 8 comments from post 1eaxibz
2024-07-24 16:57:23,083:INFO:Successfully fetched 7 comments from post 1eb23cj
2024-07-24 16:57:23,429:INFO:Successfully fetched 3 comments from post 1eb213d
2024-07-24 16:57:23,802:INFO:Successfully fetched 9 comments from post 1eb1ge6
2024-07-24 16:57:24,215:INFO:Successfully fetched 15 comments from post 1eax4gf
2024-07-24 16:57:25,307:INFO:Successfully fetched 101 comments from post 1eagrg0
2024-07-24 16:57:25,676:INFO:Successfully fetched 4 comments from post 1eb0knu
2024-07-24 16:57:26,090:INFO:Successfully fetched 14 comments from post 1earkry
2024-07-24 16:57:26,878:INFO:Successfully fetched 27 comments from post 1ealppn
2024-07-24 16:57:27,281:INFO:Successfully fetched 13 comments from post 1eauvw6
2024-07-24 16:57:27,628:INFO:Successfully fetched 1 comments from post 1eb1zvc
2024-07-24 16:57:28,373:INFO:Successfully fetched 2 comments from post 1eb1k1w
2024-07-24 16:57:29,306:INFO:Successfully fetched 8 comments from post 1eatsd6
2024-07-24 16:57:29,681:INFO:Successfully fetched 7 comments from post 1eb180q
2024-07-24 16:57:30,068:INFO:Successfully fetched 20 comments from post 1eajgn4
2024-07-24 16:57:30,420:INFO:Successfully fetched 1 comments from post 1eazzrz
2024-07-24 16:57:30,857:INFO:Successfully fetched 21 comments from post 1eaq23u
2024-07-24 16:57:31,199:INFO:Successfully fetched 1 comments from post 1eats26
2024-07-24 16:57:31,553:INFO:Successfully fetched 3 comments from post 1eaz1uf
2024-07-24 16:57:32,056:INFO:Successfully fetched 25 comments from post 1eaal76
2024-07-24 16:57:32,447:INFO:Successfully fetched 6 comments from post 1eaof5u
2024-07-24 16:57:32,820:INFO:Successfully fetched 9 comments from post 1eakcne
2024-07-24 16:57:33,207:INFO:Successfully fetched 6 comments from post 1ea6zhn
2024-07-24 16:57:33,564:INFO:Successfully fetched 2 comments from post 1eawqqt
2024-07-24 16:57:33,947:INFO:Successfully fetched 7 comments from post 1eaj1mo
2024-07-24 16:57:34,310:INFO:Successfully fetched 3 comments from post 1ean66t
2024-07-24 16:57:34,672:INFO:Successfully fetched 6 comments from post 1eah7vo
2024-07-24 16:57:35,114:INFO:Successfully fetched 19 comments from post 1eau2e9
2024-07-24 16:57:35,504:INFO:Successfully fetched 13 comments from post 1ea9nmy
2024-07-24 16:57:35,905:INFO:Successfully fetched 20 comments from post 1eb2wn6
2024-07-24 16:57:37,434:INFO:Successfully fetched 233 comments from post 1ea12ph
2024-07-24 16:57:37,910:INFO:Successfully fetched 14 comments from post 1eamdlm
2024-07-24 16:57:38,314:INFO:Successfully fetched 19 comments from post 1eaf0e0
2024-07-24 16:57:38,731:INFO:Successfully fetched 16 comments from post 1eahqir
2024-07-24 16:57:39,077:INFO:Successfully fetched 1 comments from post 1easj68
2024-07-24 16:57:39,507:INFO:Successfully fetched 24 comments from post 1eas5l1
2024-07-24 16:57:39,884:INFO:Successfully fetched 11 comments from post 1eaa3jf
2024-07-24 16:57:40,230:INFO:Successfully fetched 2 comments from post 1eae53r
2024-07-24 16:57:40,630:INFO:Successfully fetched 13 comments from post 1eah48y
2024-07-24 16:57:40,998:INFO:Successfully fetched 9 comments from post 1eaqlsy
2024-07-24 16:57:41,361:INFO:Successfully fetched 5 comments from post 1eapbdj
2024-07-24 16:57:41,706:INFO:Successfully fetched 1 comments from post 1eagr8f
2024-07-24 16:57:42,057:INFO:Successfully fetched 7 comments from post 1eaossk
2024-07-24 16:57:42,411:INFO:Successfully fetched 2 comments from post 1eaaylk
2024-07-24 16:57:42,946:INFO:Successfully fetched 2 comments from post 1ean9ti
2024-07-24 16:57:43,322:INFO:Successfully fetched 6 comments from post 1eac92v
2024-07-24 16:57:43,747:INFO:Successfully fetched 10 comments from post 1eam94u
2024-07-24 16:57:44,134:INFO:Successfully fetched 8 comments from post 1eal6kk
2024-07-24 16:57:44,475:INFO:Successfully fetched 3 comments from post 1eatuwb
2024-07-24 16:57:44,841:INFO:Successfully fetched 6 comments from post 1eakagy
2024-07-24 16:57:45,194:INFO:Successfully fetched 2 comments from post 1eak8up
2024-07-24 16:57:46,288:INFO:Successfully fetched 68 comments from post 1eayh9e
2024-07-24 16:57:47,138:INFO:Successfully fetched 80 comments from post 1e9qbr3
2024-07-24 16:57:47,517:INFO:Successfully fetched 2 comments from post 1eaecic
2024-07-24 16:58:14,105:INFO:Saved data to HDF5 groups: reddit_XDefiant_posts/20240724165814 and reddit_XDefiant_comments/20240724165814
2024-07-24 17:02:35,846:INFO:Successfully fetched 59 posts from XDefiant
2024-07-24 17:02:36,183:INFO:Successfully fetched 0 comments from post 1cin51m
2024-07-24 17:02:36,699:INFO:Successfully fetched 31 comments from post 1eax5zy
2024-07-24 17:02:37,053:INFO:Successfully fetched 5 comments from post 1eawah7
2024-07-24 17:02:37,406:INFO:Successfully fetched 6 comments from post 1eazj48
2024-07-24 17:02:38,067:INFO:Successfully fetched 70 comments from post 1eabkbd
2024-07-24 17:02:38,436:INFO:Successfully fetched 8 comments from post 1eaxibz
2024-07-24 17:02:38,797:INFO:Successfully fetched 7 comments from post 1eb23cj
2024-07-24 17:02:39,141:INFO:Successfully fetched 4 comments from post 1eb213d
2024-07-24 17:02:39,510:INFO:Successfully fetched 9 comments from post 1eb1ge6
2024-07-24 17:02:40,773:INFO:Successfully fetched 103 comments from post 1eagrg0
2024-07-24 17:02:41,118:INFO:Successfully fetched 5 comments from post 1eb0knu
2024-07-24 17:02:41,548:INFO:Successfully fetched 14 comments from post 1earkry
2024-07-24 17:02:41,940:INFO:Successfully fetched 15 comments from post 1eax4gf
2024-07-24 17:02:42,724:INFO:Successfully fetched 27 comments from post 1ealppn
2024-07-24 17:02:43,121:INFO:Successfully fetched 13 comments from post 1eauvw6
2024-07-24 17:02:43,444:INFO:Successfully fetched 1 comments from post 1eb1zvc
2024-07-24 17:02:43,795:INFO:Successfully fetched 2 comments from post 1eb1k1w
2024-07-24 17:02:44,145:INFO:Successfully fetched 8 comments from post 1eatsd6
2024-07-24 17:02:44,537:INFO:Successfully fetched 8 comments from post 1eb180q
2024-07-24 17:02:44,985:INFO:Successfully fetched 20 comments from post 1eajgn4
2024-07-24 17:02:45,304:INFO:Successfully fetched 1 comments from post 1eazzrz
2024-07-24 17:02:45,748:INFO:Successfully fetched 21 comments from post 1eaq23u
2024-07-24 17:02:46,089:INFO:Successfully fetched 1 comments from post 1eats26
2024-07-24 17:02:46,451:INFO:Successfully fetched 3 comments from post 1eaz1uf
2024-07-24 17:02:46,921:INFO:Successfully fetched 25 comments from post 1eaal76
2024-07-24 17:02:47,297:INFO:Successfully fetched 6 comments from post 1eaof5u
2024-07-24 17:02:47,659:INFO:Successfully fetched 9 comments from post 1eakcne
2024-07-24 17:02:48,030:INFO:Successfully fetched 6 comments from post 1ea6zhn
2024-07-24 17:02:48,368:INFO:Successfully fetched 2 comments from post 1eawqqt
2024-07-24 17:02:48,727:INFO:Successfully fetched 7 comments from post 1eaj1mo
2024-07-24 17:02:49,182:INFO:Successfully fetched 27 comments from post 1eb2wn6
2024-07-24 17:02:49,527:INFO:Successfully fetched 3 comments from post 1ean66t
2024-07-24 17:02:49,890:INFO:Successfully fetched 6 comments from post 1eah7vo
2024-07-24 17:02:50,302:INFO:Successfully fetched 19 comments from post 1eau2e9
2024-07-24 17:02:50,689:INFO:Successfully fetched 13 comments from post 1ea9nmy
2024-07-24 17:02:52,454:INFO:Successfully fetched 233 comments from post 1ea12ph
2024-07-24 17:02:52,856:INFO:Successfully fetched 14 comments from post 1eamdlm
2024-07-24 17:02:53,271:INFO:Successfully fetched 19 comments from post 1eaf0e0
2024-07-24 17:02:53,649:INFO:Successfully fetched 16 comments from post 1eahqir
2024-07-24 17:02:53,977:INFO:Successfully fetched 1 comments from post 1easj68
2024-07-24 17:02:54,437:INFO:Successfully fetched 24 comments from post 1eas5l1
2024-07-24 17:02:54,830:INFO:Successfully fetched 11 comments from post 1eaa3jf
2024-07-24 17:02:55,202:INFO:Successfully fetched 2 comments from post 1eae53r
2024-07-24 17:02:55,598:INFO:Successfully fetched 13 comments from post 1eah48y
2024-07-24 17:02:55,939:INFO:Successfully fetched 9 comments from post 1eaqlsy
2024-07-24 17:02:56,297:INFO:Successfully fetched 5 comments from post 1eapbdj
2024-07-24 17:02:56,650:INFO:Successfully fetched 1 comments from post 1eagr8f
2024-07-24 17:02:56,997:INFO:Successfully fetched 7 comments from post 1eaossk
2024-07-24 17:02:57,368:INFO:Successfully fetched 2 comments from post 1eaaylk
2024-07-24 17:02:57,713:INFO:Successfully fetched 2 comments from post 1ean9ti
2024-07-24 17:02:58,077:INFO:Successfully fetched 6 comments from post 1eac92v
2024-07-24 17:02:58,435:INFO:Successfully fetched 10 comments from post 1eam94u
2024-07-24 17:02:58,821:INFO:Successfully fetched 8 comments from post 1eal6kk
2024-07-24 17:02:59,146:INFO:Successfully fetched 3 comments from post 1eatuwb
2024-07-24 17:02:59,505:INFO:Successfully fetched 6 comments from post 1eakagy
2024-07-24 17:02:59,862:INFO:Successfully fetched 2 comments from post 1eak8up
2024-07-24 17:03:00,672:INFO:Successfully fetched 68 comments from post 1eayh9e
2024-07-24 17:03:01,592:INFO:Successfully fetched 80 comments from post 1e9qbr3
2024-07-24 17:03:01,953:INFO:Successfully fetched 2 comments from post 1eaecic
2024-07-24 17:03:28,832:INFO:Saved data to HDF5 groups: reddit_XDefiant_posts/20240724170328 and reddit_XDefiant_comments/20240724170328
2024-07-25 13:19:17,294:INFO:Successfully fetched 56 posts from XDefiant
2024-07-25 13:19:17,652:INFO:Successfully fetched 0 comments from post 1cin51m
2024-07-25 13:19:18,575:INFO:Successfully fetched 84 comments from post 1ebgfs1
2024-07-25 13:19:19,089:INFO:Successfully fetched 37 comments from post 1ebjmk0
2024-07-25 13:19:19,445:INFO:Successfully fetched 2 comments from post 1ebqwr0
2024-07-25 13:19:19,847:INFO:Successfully fetched 8 comments from post 1ebdim7
2024-07-25 13:19:20,203:INFO:Successfully fetched 3 comments from post 1ebfswv
2024-07-25 13:19:20,602:INFO:Successfully fetched 8 comments from post 1ebbf04
2024-07-25 13:19:21,129:INFO:Successfully fetched 9 comments from post 1ebi66a
2024-07-25 13:19:22,041:INFO:Successfully fetched 60 comments from post 1eax5zy
2024-07-25 13:19:22,449:INFO:Successfully fetched 9 comments from post 1eb7ryo
2024-07-25 13:19:22,798:INFO:Successfully fetched 2 comments from post 1ebmy12
2024-07-25 13:19:23,256:INFO:Successfully fetched 22 comments from post 1ebe1aw
2024-07-25 13:19:23,630:INFO:Successfully fetched 7 comments from post 1eboyzq
2024-07-25 13:19:23,988:INFO:Successfully fetched 2 comments from post 1ebol6i
2024-07-25 13:19:24,449:INFO:Successfully fetched 19 comments from post 1ebfyvi
2024-07-25 13:19:24,801:INFO:Successfully fetched 3 comments from post 1ebnhfm
2024-07-25 13:19:25,190:INFO:Successfully fetched 6 comments from post 1ebban9
2024-07-25 13:19:25,596:INFO:Successfully fetched 14 comments from post 1ebnf3x
2024-07-25 13:19:26,003:INFO:Successfully fetched 8 comments from post 1ebfpkf
2024-07-25 13:19:26,423:INFO:Successfully fetched 5 comments from post 1eb9uwy
2024-07-25 13:19:26,817:INFO:Successfully fetched 12 comments from post 1eb9cco
2024-07-25 13:19:27,187:INFO:Successfully fetched 2 comments from post 1ebiauk
2024-07-25 13:19:27,580:INFO:Successfully fetched 9 comments from post 1ebc5t4
2024-07-25 13:19:27,969:INFO:Successfully fetched 11 comments from post 1eaxibz
2024-07-25 13:19:28,327:INFO:Successfully fetched 3 comments from post 1ebfwiq
2024-07-25 13:19:28,828:INFO:Successfully fetched 22 comments from post 1eax4gf
2024-07-25 13:19:29,181:INFO:Successfully fetched 2 comments from post 1ebfp0r
2024-07-25 13:19:29,641:INFO:Successfully fetched 8 comments from post 1eb23cj
2024-07-25 13:19:30,025:INFO:Successfully fetched 12 comments from post 1eb213d
2024-07-25 13:19:30,410:INFO:Successfully fetched 6 comments from post 1eawah7
2024-07-25 13:19:30,972:INFO:Successfully fetched 1 comments from post 1eb8prn
2024-07-25 13:19:31,334:INFO:Successfully fetched 4 comments from post 1ebe6ap
2024-07-25 13:19:31,694:INFO:Successfully fetched 3 comments from post 1ebdmry
2024-07-25 13:19:32,104:INFO:Successfully fetched 3 comments from post 1ebiire
2024-07-25 13:19:32,478:INFO:Successfully fetched 2 comments from post 1eb7l2f
2024-07-25 13:19:32,844:INFO:Successfully fetched 1 comments from post 1ebbbh1
2024-07-25 13:19:33,714:INFO:Successfully fetched 74 comments from post 1eabkbd
2024-07-25 13:19:34,238:INFO:Successfully fetched 14 comments from post 1eazj48
2024-07-25 13:19:35,585:INFO:Successfully fetched 116 comments from post 1eagrg0
2024-07-25 13:19:35,949:INFO:Successfully fetched 8 comments from post 1eb1k1w
2024-07-25 13:19:36,334:INFO:Successfully fetched 9 comments from post 1eb1ge6
2024-07-25 13:19:37,138:INFO:Successfully fetched 30 comments from post 1ealppn
2024-07-25 13:19:37,537:INFO:Successfully fetched 7 comments from post 1eb0knu
2024-07-25 13:19:37,953:INFO:Successfully fetched 18 comments from post 1eb4wm4
2024-07-25 13:19:38,305:INFO:Successfully fetched 3 comments from post 1eb4v3n
2024-07-25 13:19:38,734:INFO:Successfully fetched 15 comments from post 1eauvw6
2024-07-25 13:19:39,193:INFO:Successfully fetched 27 comments from post 1ebkz0o
2024-07-25 13:19:39,666:INFO:Successfully fetched 17 comments from post 1earkry
2024-07-25 13:19:40,060:INFO:Successfully fetched 15 comments from post 1eblds0
2024-07-25 13:19:40,417:INFO:Successfully fetched 5 comments from post 1eaz1uf
2024-07-25 13:19:40,798:INFO:Successfully fetched 9 comments from post 1eb88uf
2024-07-25 13:19:41,374:INFO:Successfully fetched 3 comments from post 1eb1zvc
2024-07-25 13:19:41,831:INFO:Successfully fetched 21 comments from post 1eajgn4
2024-07-25 13:19:42,269:INFO:Successfully fetched 24 comments from post 1eaq23u
2024-07-25 13:19:42,659:INFO:Successfully fetched 10 comments from post 1eatsd6
2024-07-25 13:19:43,022:INFO:Successfully fetched 1 comments from post 1eats26
2024-07-25 13:20:05,356:INFO:Saved data to HDF5 groups: reddit_XDefiant_posts/20240725132005 and reddit_XDefiant_comments/20240725132005
2024-07-26 11:38:24,367:INFO:Successfully fetched 58 posts from XDefiant
2024-07-26 11:38:24,707:INFO:Successfully fetched 0 comments from post 1cin51m
2024-07-26 11:38:25,293:INFO:Successfully fetched 51 comments from post 1ecghev
2024-07-26 11:38:26,028:INFO:Successfully fetched 31 comments from post 1ecdm0g
2024-07-26 11:38:26,394:INFO:Successfully fetched 4 comments from post 1echmm4
2024-07-26 11:38:27,337:INFO:Successfully fetched 68 comments from post 1ec2qpg
2024-07-26 11:38:28,465:INFO:Successfully fetched 62 comments from post 1ebzk0o
2024-07-26 11:38:28,898:INFO:Successfully fetched 19 comments from post 1ec6gwf
2024-07-26 11:38:29,367:INFO:Successfully fetched 28 comments from post 1eccuvg
2024-07-26 11:38:29,759:INFO:Successfully fetched 9 comments from post 1ecbq76
2024-07-26 11:38:30,121:INFO:Successfully fetched 5 comments from post 1ecfxpa
2024-07-26 11:38:30,485:INFO:Successfully fetched 4 comments from post 1echn5v
2024-07-26 11:38:30,854:INFO:Successfully fetched 5 comments from post 1ecg3dx
2024-07-26 11:38:31,202:INFO:Successfully fetched 2 comments from post 1ecjeso
2024-07-26 11:38:31,542:INFO:Successfully fetched 1 comments from post 1ecjb11
2024-07-26 11:38:31,884:INFO:Successfully fetched 3 comments from post 1ecijri
2024-07-26 11:38:32,309:INFO:Successfully fetched 9 comments from post 1ebyb94
2024-07-26 11:38:32,790:INFO:Successfully fetched 34 comments from post 1ec04g2
2024-07-26 11:38:33,152:INFO:Successfully fetched 5 comments from post 1ec8dt5
2024-07-26 11:38:33,584:INFO:Successfully fetched 24 comments from post 1ec4g1t
2024-07-26 11:38:33,956:INFO:Successfully fetched 8 comments from post 1ece199
2024-07-26 11:38:34,321:INFO:Successfully fetched 2 comments from post 1ecja9o
2024-07-26 11:38:34,670:INFO:Successfully fetched 3 comments from post 1ecilbp
2024-07-26 11:38:35,097:INFO:Successfully fetched 15 comments from post 1ec79ld
2024-07-26 11:38:35,485:INFO:Successfully fetched 12 comments from post 1ec8kmy
2024-07-26 11:38:35,919:INFO:Successfully fetched 24 comments from post 1eceb6g
2024-07-26 11:38:36,274:INFO:Successfully fetched 3 comments from post 1ech0df
2024-07-26 11:38:37,372:INFO:Successfully fetched 134 comments from post 1ebgfs1
2024-07-26 11:38:38,212:INFO:Successfully fetched 53 comments from post 1ebjmk0
2024-07-26 11:38:38,575:INFO:Successfully fetched 2 comments from post 1ec9spr
2024-07-26 11:38:38,944:INFO:Successfully fetched 3 comments from post 1ece8pc
2024-07-26 11:38:39,760:INFO:Successfully fetched 67 comments from post 1ebwlq3
2024-07-26 11:38:40,119:INFO:Successfully fetched 6 comments from post 1ebqwr0
2024-07-26 11:38:40,577:INFO:Successfully fetched 39 comments from post 1ebtesv
2024-07-26 11:38:40,926:INFO:Successfully fetched 3 comments from post 1ecaawq
2024-07-26 11:38:41,294:INFO:Successfully fetched 8 comments from post 1eccqlu
2024-07-26 11:38:41,672:INFO:Successfully fetched 8 comments from post 1ebtijd
2024-07-26 11:38:42,034:INFO:Successfully fetched 5 comments from post 1ec6toz
2024-07-26 11:38:42,391:INFO:Successfully fetched 2 comments from post 1ecbi74
2024-07-26 11:38:42,740:INFO:Successfully fetched 2 comments from post 1ec67bq
2024-07-26 11:38:43,107:INFO:Successfully fetched 7 comments from post 1ec5of4
2024-07-26 11:38:43,496:INFO:Successfully fetched 17 comments from post 1ec4ws1
2024-07-26 11:38:43,847:INFO:Successfully fetched 2 comments from post 1ec42mc
2024-07-26 11:38:44,219:INFO:Successfully fetched 4 comments from post 1ec0uz7
2024-07-26 11:38:44,628:INFO:Successfully fetched 18 comments from post 1ecamxb
2024-07-26 11:38:44,986:INFO:Successfully fetched 3 comments from post 1ebw8fs
2024-07-26 11:38:45,572:INFO:Successfully fetched 7 comments from post 1ebvpy0
2024-07-26 11:38:45,959:INFO:Successfully fetched 8 comments from post 1ebvg7f
2024-07-26 11:38:46,326:INFO:Successfully fetched 3 comments from post 1ebvenh
2024-07-26 11:38:46,735:INFO:Successfully fetched 8 comments from post 1ecc7eo
2024-07-26 11:38:47,117:INFO:Successfully fetched 10 comments from post 1ebi66a
2024-07-26 11:38:47,496:INFO:Successfully fetched 8 comments from post 1ebdim7
2024-07-26 11:38:47,897:INFO:Successfully fetched 8 comments from post 1ebbf04
2024-07-26 11:38:48,308:INFO:Successfully fetched 18 comments from post 1ebvxfd
2024-07-26 11:38:48,728:INFO:Successfully fetched 23 comments from post 1ebfyvi
2024-07-26 11:38:49,107:INFO:Successfully fetched 9 comments from post 1eb7ryo
2024-07-26 11:38:50,317:INFO:Successfully fetched 62 comments from post 1eax5zy
2024-07-26 11:38:50,677:INFO:Successfully fetched 5 comments from post 1ebfswv
2024-07-26 11:38:51,111:INFO:Successfully fetched 26 comments from post 1ebe1aw
2024-07-26 11:39:17,723:INFO:Saved data to HDF5 groups: reddit_XDefiant_posts/20240726113917 and reddit_XDefiant_comments/20240726113917
2024-07-26 11:42:36,549:INFO:Successfully fetched 58 posts from XDefiant
2024-07-26 11:42:36,895:INFO:Successfully fetched 0 comments from post 1cin51m
2024-07-26 11:42:37,674:INFO:Successfully fetched 54 comments from post 1ecghev
2024-07-26 11:42:38,163:INFO:Successfully fetched 31 comments from post 1ecdm0g
2024-07-26 11:42:38,518:INFO:Successfully fetched 4 comments from post 1echmm4
2024-07-26 11:42:39,351:INFO:Successfully fetched 68 comments from post 1ec2qpg
2024-07-26 11:42:40,498:INFO:Successfully fetched 62 comments from post 1ebzk0o
2024-07-26 11:42:40,926:INFO:Successfully fetched 19 comments from post 1ec6gwf
2024-07-26 11:42:41,407:INFO:Successfully fetched 28 comments from post 1eccuvg
2024-07-26 11:42:41,789:INFO:Successfully fetched 9 comments from post 1ecbq76
2024-07-26 11:42:42,171:INFO:Successfully fetched 5 comments from post 1ecfxpa
2024-07-26 11:42:42,547:INFO:Successfully fetched 4 comments from post 1echn5v
2024-07-26 11:42:42,936:INFO:Successfully fetched 5 comments from post 1ecg3dx
2024-07-26 11:42:43,281:INFO:Successfully fetched 2 comments from post 1ecjeso
2024-07-26 11:42:43,620:INFO:Successfully fetched 1 comments from post 1ecjb11
2024-07-26 11:42:43,974:INFO:Successfully fetched 3 comments from post 1ecijri
2024-07-26 11:42:44,390:INFO:Successfully fetched 9 comments from post 1ebyb94
2024-07-26 11:42:44,867:INFO:Successfully fetched 34 comments from post 1ec04g2
2024-07-26 11:42:45,229:INFO:Successfully fetched 5 comments from post 1ec8dt5
2024-07-26 11:42:45,686:INFO:Successfully fetched 24 comments from post 1ec4g1t
2024-07-26 11:42:46,064:INFO:Successfully fetched 8 comments from post 1ece199
2024-07-26 11:42:46,418:INFO:Successfully fetched 2 comments from post 1ecja9o
2024-07-26 11:42:46,758:INFO:Successfully fetched 3 comments from post 1ecilbp
2024-07-26 11:42:47,181:INFO:Successfully fetched 15 comments from post 1ec79ld
2024-07-26 11:42:47,569:INFO:Successfully fetched 12 comments from post 1ec8kmy
2024-07-26 11:42:48,009:INFO:Successfully fetched 24 comments from post 1eceb6g
2024-07-26 11:42:48,351:INFO:Successfully fetched 3 comments from post 1ech0df
2024-07-26 11:42:49,775:INFO:Successfully fetched 134 comments from post 1ebgfs1
2024-07-26 11:42:50,664:INFO:Successfully fetched 53 comments from post 1ebjmk0
2024-07-26 11:42:51,009:INFO:Successfully fetched 2 comments from post 1ec9spr
2024-07-26 11:42:51,368:INFO:Successfully fetched 3 comments from post 1ece8pc
2024-07-26 11:42:52,253:INFO:Successfully fetched 67 comments from post 1ebwlq3
2024-07-26 11:42:52,613:INFO:Successfully fetched 6 comments from post 1ebqwr0
2024-07-26 11:42:53,091:INFO:Successfully fetched 39 comments from post 1ebtesv
2024-07-26 11:42:53,459:INFO:Successfully fetched 3 comments from post 1ecaawq
2024-07-26 11:42:53,820:INFO:Successfully fetched 8 comments from post 1eccqlu
2024-07-26 11:42:54,210:INFO:Successfully fetched 8 comments from post 1ebtijd
2024-07-26 11:42:54,568:INFO:Successfully fetched 5 comments from post 1ec6toz
2024-07-26 11:42:54,917:INFO:Successfully fetched 2 comments from post 1ecbi74
2024-07-26 11:42:55,264:INFO:Successfully fetched 2 comments from post 1ec67bq
2024-07-26 11:42:55,609:INFO:Successfully fetched 7 comments from post 1ec5of4
2024-07-26 11:42:56,023:INFO:Successfully fetched 17 comments from post 1ec4ws1
2024-07-26 11:42:56,372:INFO:Successfully fetched 2 comments from post 1ec42mc
2024-07-26 11:42:56,708:INFO:Successfully fetched 4 comments from post 1ec0uz7
2024-07-26 11:42:57,104:INFO:Successfully fetched 18 comments from post 1ecamxb
2024-07-26 11:42:57,456:INFO:Successfully fetched 3 comments from post 1ebw8fs
2024-07-26 11:42:57,850:INFO:Successfully fetched 7 comments from post 1ebvpy0
2024-07-26 11:42:58,231:INFO:Successfully fetched 8 comments from post 1ebvg7f
2024-07-26 11:42:58,582:INFO:Successfully fetched 3 comments from post 1ebvenh
2024-07-26 11:42:58,982:INFO:Successfully fetched 8 comments from post 1ecc7eo
2024-07-26 11:42:59,384:INFO:Successfully fetched 10 comments from post 1ebi66a
2024-07-26 11:42:59,782:INFO:Successfully fetched 8 comments from post 1ebdim7
2024-07-26 11:43:00,174:INFO:Successfully fetched 8 comments from post 1ebbf04
2024-07-26 11:43:00,580:INFO:Successfully fetched 18 comments from post 1ebvxfd
2024-07-26 11:43:01,040:INFO:Successfully fetched 23 comments from post 1ebfyvi
2024-07-26 11:43:01,412:INFO:Successfully fetched 9 comments from post 1eb7ryo
2024-07-26 11:43:02,275:INFO:Successfully fetched 62 comments from post 1eax5zy
2024-07-26 11:43:02,629:INFO:Successfully fetched 5 comments from post 1ebfswv
2024-07-26 11:43:03,090:INFO:Successfully fetched 26 comments from post 1ebe1aw
2024-07-26 11:43:29,895:INFO:Saved data to HDF5 groups: reddit_XDefiant_posts/20240726114329 and reddit_XDefiant_comments/20240726114329
2024-07-26 16:37:37,304:INFO:Successfully fetched 58 posts from XDefiant
2024-07-26 16:37:37,651:INFO:Successfully fetched 0 comments from post 1cin51m
2024-07-26 16:37:39,632:INFO:Successfully fetched 143 comments from post 1ecghev
2024-07-26 16:37:40,006:INFO:Successfully fetched 8 comments from post 1echmm4
2024-07-26 16:37:40,542:INFO:Successfully fetched 43 comments from post 1ecdm0g
2024-07-26 16:37:40,876:INFO:Successfully fetched 1 comments from post 1ecph66
2024-07-26 16:37:41,319:INFO:Successfully fetched 20 comments from post 1ecjeso
2024-07-26 16:37:41,687:INFO:Successfully fetched 1 comments from post 1ecjb11
2024-07-26 16:37:42,113:INFO:Successfully fetched 21 comments from post 1ec6gwf
2024-07-26 16:37:43,348:INFO:Successfully fetched 66 comments from post 1ebzk0o
2024-07-26 16:37:44,561:INFO:Successfully fetched 75 comments from post 1ec2qpg
2024-07-26 16:37:45,021:INFO:Successfully fetched 33 comments from post 1eccuvg
2024-07-26 16:37:45,398:INFO:Successfully fetched 5 comments from post 1eckxsv
2024-07-26 16:37:45,752:INFO:Successfully fetched 3 comments from post 1ecn08v
2024-07-26 16:37:46,171:INFO:Successfully fetched 10 comments from post 1ecbq76
2024-07-26 16:37:46,563:INFO:Successfully fetched 8 comments from post 1ecljld
2024-07-26 16:37:46,929:INFO:Successfully fetched 4 comments from post 1echn5v
2024-07-26 16:37:47,333:INFO:Successfully fetched 6 comments from post 1ecfxpa
2024-07-26 16:37:47,685:INFO:Successfully fetched 3 comments from post 1ecml07
2024-07-26 16:37:48,147:INFO:Successfully fetched 9 comments from post 1ebyb94
2024-07-26 16:37:48,526:INFO:Successfully fetched 6 comments from post 1ecg3dx
2024-07-26 16:37:48,887:INFO:Successfully fetched 5 comments from post 1ec8dt5
2024-07-26 16:37:49,325:INFO:Successfully fetched 25 comments from post 1ec4g1t
2024-07-26 16:37:49,799:INFO:Successfully fetched 34 comments from post 1ec04g2
2024-07-26 16:37:50,260:INFO:Successfully fetched 14 comments from post 1ec8kmy
2024-07-26 16:37:50,633:INFO:Successfully fetched 5 comments from post 1ecmesf
2024-07-26 16:37:51,034:INFO:Successfully fetched 8 comments from post 1ecilbp
2024-07-26 16:37:51,397:INFO:Successfully fetched 4 comments from post 1ecijri
2024-07-26 16:37:51,835:INFO:Successfully fetched 15 comments from post 1ec79ld
2024-07-26 16:37:52,245:INFO:Successfully fetched 13 comments from post 1ecnguj
2024-07-26 16:37:53,376:INFO:Successfully fetched 135 comments from post 1ebgfs1
2024-07-26 16:37:53,725:INFO:Successfully fetched 1 comments from post 1ecetj0
2024-07-26 16:37:54,576:INFO:Successfully fetched 53 comments from post 1ebjmk0
2024-07-26 16:37:54,947:INFO:Successfully fetched 2 comments from post 1ec9spr
2024-07-26 16:37:55,322:INFO:Successfully fetched 4 comments from post 1ecja9o
2024-07-26 16:37:56,196:INFO:Successfully fetched 69 comments from post 1ebwlq3
2024-07-26 16:37:56,572:INFO:Successfully fetched 6 comments from post 1ebqwr0
2024-07-26 16:37:57,096:INFO:Successfully fetched 39 comments from post 1ebtesv
2024-07-26 16:37:57,457:INFO:Successfully fetched 3 comments from post 1ecaawq
2024-07-26 16:37:57,917:INFO:Successfully fetched 26 comments from post 1eceb6g
2024-07-26 16:37:58,281:INFO:Successfully fetched 5 comments from post 1eclnkk
2024-07-26 16:37:58,653:INFO:Successfully fetched 8 comments from post 1eccqlu
2024-07-26 16:37:59,040:INFO:Successfully fetched 8 comments from post 1ebtijd
2024-07-26 16:37:59,416:INFO:Successfully fetched 5 comments from post 1ec6toz
2024-07-26 16:37:59,790:INFO:Successfully fetched 3 comments from post 1ece8pc
2024-07-26 16:38:00,151:INFO:Successfully fetched 4 comments from post 1ech0df
2024-07-26 16:38:00,501:INFO:Successfully fetched 2 comments from post 1ecbi74
2024-07-26 16:38:00,851:INFO:Successfully fetched 2 comments from post 1ec67bq
2024-07-26 16:38:01,244:INFO:Successfully fetched 7 comments from post 1ec5of4
2024-07-26 16:38:01,630:INFO:Successfully fetched 18 comments from post 1ec4ws1
2024-07-26 16:38:01,995:INFO:Successfully fetched 2 comments from post 1ec42mc
2024-07-26 16:38:02,361:INFO:Successfully fetched 7 comments from post 1ec0uz7
2024-07-26 16:38:02,793:INFO:Successfully fetched 18 comments from post 1ecamxb
2024-07-26 16:38:03,151:INFO:Successfully fetched 3 comments from post 1ebw8fs
2024-07-26 16:38:03,518:INFO:Successfully fetched 7 comments from post 1ebvpy0
2024-07-26 16:38:03,915:INFO:Successfully fetched 8 comments from post 1ebvg7f
2024-07-26 16:38:04,281:INFO:Successfully fetched 3 comments from post 1ebvenh
2024-07-26 16:38:04,671:INFO:Successfully fetched 10 comments from post 1ebi66a
2024-07-26 16:38:05,089:INFO:Successfully fetched 8 comments from post 1ebdim7
2024-07-26 16:38:34,263:INFO:Saved data to HDF5 groups: reddit_XDefiant_posts/20240726163834 and reddit_XDefiant_comments/20240726163834
